97.06.29 14:43 B I:\qslask\html\loggar\roq\GIFFILES\00000.gif --> home2.swipnet.se /html/loggar/roq/GIFFILES 00000.gif
97.06.29 14:43 B I:\qslask\html\loggar\roq\GIFFILES\00001.gif --> home2.swipnet.se /html/loggar/roq/GIFFILES 00001.gif
97.06.29 14:43 B I:\qslask\html\loggar\roq\GIFFILES\00002.gif --> home2.swipnet.se /html/loggar/roq/GIFFILES 00002.gif
97.06.29 14:43 B I:\qslask\html\loggar\roq\GIFFILES\00003.gif --> home2.swipnet.se /html/loggar/roq/GIFFILES 00003.gif
97.06.29 14:43 B I:\qslask\html\loggar\roq\GIFFILES\00004.gif --> home2.swipnet.se /html/loggar/roq/GIFFILES 00004.gif
97.06.29 14:43 B I:\qslask\html\loggar\roq\GIFFILES\00005.gif --> home2.swipnet.se /html/loggar/roq/GIFFILES 00005.gif
97.06.29 14:43 B I:\qslask\html\loggar\roq\GIFFILES\00006.gif --> home2.swipnet.se /html/loggar/roq/GIFFILES 00006.gif
97.06.29 14:43 B I:\qslask\html\loggar\roq\GIFFILES\00007.gif --> home2.swipnet.se /html/loggar/roq/GIFFILES 00007.gif
97.06.29 14:43 B I:\qslask\html\loggar\roq\GIFFILES\00008.gif --> home2.swipnet.se /html/loggar/roq/GIFFILES 00008.gif
97.06.29 14:43 B I:\qslask\html\loggar\roq\GIFFILES\00009.gif --> home2.swipnet.se /html/loggar/roq/GIFFILES 00009.gif
97.06.29 14:43 B I:\qslask\html\loggar\roq\GIFFILES\00010.gif --> home2.swipnet.se /html/loggar/roq/GIFFILES 00010.gif
97.06.29 14:43 B I:\qslask\html\loggar\roq\GIFFILES\00011.gif --> home2.swipnet.se /html/loggar/roq/GIFFILES 00011.gif
97.06.29 14:43 B I:\qslask\html\loggar\roq\GIFFILES\00012.gif --> home2.swipnet.se /html/loggar/roq/GIFFILES 00012.gif
97.06.29 14:43 B I:\qslask\html\loggar\roq\GIFFILES\00013.gif --> home2.swipnet.se /html/loggar/roq/GIFFILES 00013.gif
97.06.29 14:43 B I:\qslask\html\loggar\roq\GIFFILES\00014.gif --> home2.swipnet.se /html/loggar/roq/GIFFILES 00014.gif
97.06.29 14:43 B I:\qslask\html\loggar\roq\GIFFILES\00015.gif --> home2.swipnet.se /html/loggar/roq/GIFFILES 00015.gif
97.06.29 14:43 B I:\qslask\html\loggar\roq\GIFFILES\00016.gif --> home2.swipnet.se /html/loggar/roq/GIFFILES 00016.gif
97.06.29 14:43 B I:\qslask\html\loggar\roq\GIFFILES\00017.gif --> home2.swipnet.se /html/loggar/roq/GIFFILES 00017.gif
97.06.29 14:43 B I:\qslask\html\loggar\roq\GIFFILES\00018.gif --> home2.swipnet.se /html/loggar/roq/GIFFILES 00018.gif
97.06.29 14:43 B I:\qslask\html\loggar\roq\GIFFILES\00019.gif --> home2.swipnet.se /html/loggar/roq/GIFFILES 00019.gif
97.06.29 14:43 B I:\qslask\html\loggar\roq\GIFFILES\00020.gif --> home2.swipnet.se /html/loggar/roq/GIFFILES 00020.gif
97.06.29 14:43 B I:\qslask\html\loggar\roq\GIFFILES\00021.gif --> home2.swipnet.se /html/loggar/roq/GIFFILES 00021.gif
97.06.29 14:43 B I:\qslask\html\loggar\roq\GIFFILES\00022.gif --> home2.swipnet.se /html/loggar/roq/GIFFILES 00022.gif
97.06.29 14:43 B I:\qslask\html\loggar\roq\GIFFILES\00023.gif --> home2.swipnet.se /html/loggar/roq/GIFFILES 00023.gif
97.06.29 14:43 B I:\qslask\html\loggar\roq\GIFFILES\00024.gif --> home2.swipnet.se /html/loggar/roq/GIFFILES 00024.gif
97.06.29 14:43 B I:\qslask\html\loggar\roq\GIFFILES\00025.gif --> home2.swipnet.se /html/loggar/roq/GIFFILES 00025.gif
97.06.29 14:43 B I:\qslask\html\loggar\roq\GIFFILES\00026.gif --> home2.swipnet.se /html/loggar/roq/GIFFILES 00026.gif
97.06.29 14:43 B I:\qslask\html\loggar\roq\GIFFILES\00027.gif --> home2.swipnet.se /html/loggar/roq/GIFFILES 00027.gif
97.06.29 14:43 B I:\qslask\html\loggar\roq\GIFFILES\00028.gif --> home2.swipnet.se /html/loggar/roq/GIFFILES 00028.gif
97.06.29 14:44 B I:\qslask\html\loggar\roq\GIFFILES\00029.gif --> home2.swipnet.se /html/loggar/roq/GIFFILES 00029.gif
97.06.29 14:44 B I:\qslask\html\loggar\roq\GIFFILES\00030.gif --> home2.swipnet.se /html/loggar/roq/GIFFILES 00030.gif
97.06.29 14:44 B I:\qslask\html\loggar\roq\GIFFILES\00031.gif --> home2.swipnet.se /html/loggar/roq/GIFFILES 00031.gif
97.06.29 14:44 B I:\qslask\html\loggar\roq\GIFFILES\00032.gif --> home2.swipnet.se /html/loggar/roq/GIFFILES 00032.gif
97.06.29 14:44 B I:\qslask\html\loggar\roq\GIFFILES\00033.gif --> home2.swipnet.se /html/loggar/roq/GIFFILES 00033.gif
97.06.29 14:44 B I:\qslask\html\loggar\roq\GIFFILES\00034.gif --> home2.swipnet.se /html/loggar/roq/GIFFILES 00034.gif
97.06.29 14:44 B I:\qslask\html\loggar\roq\GIFFILES\00035.gif --> home2.swipnet.se /html/loggar/roq/GIFFILES 00035.gif
97.06.29 14:44 B I:\qslask\html\loggar\roq\GIFFILES\00036.gif --> home2.swipnet.se /html/loggar/roq/GIFFILES 00036.gif
97.06.29 14:44 B I:\qslask\html\loggar\roq\GIFFILES\00037.gif --> home2.swipnet.se /html/loggar/roq/GIFFILES 00037.gif
97.06.29 14:44 B I:\qslask\html\loggar\roq\GIFFILES\00038.gif --> home2.swipnet.se /html/loggar/roq/GIFFILES 00038.gif
97.06.29 14:44 B I:\qslask\html\loggar\roq\GIFFILES\00039.gif --> home2.swipnet.se /html/loggar/roq/GIFFILES 00039.gif
97.06.29 14:44 B I:\qslask\html\loggar\roq\GIFFILES\00040.gif --> home2.swipnet.se /html/loggar/roq/GIFFILES 00040.gif
97.06.29 14:44 B I:\qslask\html\loggar\roq\GIFFILES\00041.gif --> home2.swipnet.se /html/loggar/roq/GIFFILES 00041.gif
97.06.29 14:44 B I:\qslask\html\loggar\roq\GIFFILES\00042.gif --> home2.swipnet.se /html/loggar/roq/GIFFILES 00042.gif
97.06.29 14:44 B I:\qslask\html\loggar\roq\GIFFILES\00043.gif --> home2.swipnet.se /html/loggar/roq/GIFFILES 00043.gif
97.06.29 14:44 B I:\qslask\html\loggar\roq\GIFFILES\00044.gif --> home2.swipnet.se /html/loggar/roq/GIFFILES 00044.gif
97.06.29 14:44 B I:\qslask\html\loggar\roq\GIFFILES\00045.gif --> home2.swipnet.se /html/loggar/roq/GIFFILES 00045.gif
97.06.29 14:44 B I:\qslask\html\loggar\roq\GIFFILES\00046.gif --> home2.swipnet.se /html/loggar/roq/GIFFILES 00046.gif
97.06.29 14:44 B I:\qslask\html\loggar\roq\GIFFILES\00047.gif --> home2.swipnet.se /html/loggar/roq/GIFFILES 00047.gif
97.06.29 14:44 B I:\qslask\html\loggar\roq\GIFFILES\00048.gif --> home2.swipnet.se /html/loggar/roq/GIFFILES 00048.gif
97.06.29 14:44 B I:\qslask\html\loggar\roq\GIFFILES\00049.gif --> home2.swipnet.se /html/loggar/roq/GIFFILES 00049.gif
97.06.29 14:44 B I:\qslask\html\loggar\roq\GIFFILES\00050.gif --> home2.swipnet.se /html/loggar/roq/GIFFILES 00050.gif
97.06.29 14:44 B I:\qslask\html\loggar\roq\GIFFILES\00051.gif --> home2.swipnet.se /html/loggar/roq/GIFFILES 00051.gif
97.06.29 14:44 B I:\qslask\html\loggar\roq\GIFFILES\00052.gif --> home2.swipnet.se /html/loggar/roq/GIFFILES 00052.gif
97.06.29 14:44 B I:\qslask\html\loggar\roq\GIFFILES\00053.gif --> home2.swipnet.se /html/loggar/roq/GIFFILES 00053.gif
97.06.29 14:44 B I:\qslask\html\loggar\roq\GIFFILES\00054.gif --> home2.swipnet.se /html/loggar/roq/GIFFILES 00054.gif
97.06.29 14:44 B I:\qslask\html\loggar\roq\GIFFILES\00055.gif --> home2.swipnet.se /html/loggar/roq/GIFFILES 00055.gif
97.06.29 14:44 B I:\qslask\html\loggar\roq\GIFFILES\00056.gif --> home2.swipnet.se /html/loggar/roq/GIFFILES 00056.gif
97.06.29 14:44 B I:\qslask\html\loggar\roq\GIFFILES\00057.gif --> home2.swipnet.se /html/loggar/roq/GIFFILES 00057.gif
97.06.29 14:44 B I:\qslask\html\loggar\roq\GIFFILES\00058.gif --> home2.swipnet.se /html/loggar/roq/GIFFILES 00058.gif
97.06.29 14:44 B I:\qslask\html\loggar\roq\GIFFILES\00059.gif --> home2.swipnet.se /html/loggar/roq/GIFFILES 00059.gif
97.06.29 14:44 B I:\qslask\html\loggar\roq\GIFFILES\00060.gif --> home2.swipnet.se /html/loggar/roq/GIFFILES 00060.gif
97.06.29 14:44 B I:\qslask\html\loggar\roq\GIFFILES\00061.gif --> home2.swipnet.se /html/loggar/roq/GIFFILES 00061.gif
97.06.29 14:44 B I:\qslask\html\loggar\roq\GIFFILES\00062.gif --> home2.swipnet.se /html/loggar/roq/GIFFILES 00062.gif
97.06.29 14:44 B I:\qslask\html\loggar\roq\GIFFILES\00063.gif --> home2.swipnet.se /html/loggar/roq/GIFFILES 00063.gif
97.06.29 14:44 B I:\qslask\html\loggar\roq\GIFFILES\00064.gif --> home2.swipnet.se /html/loggar/roq/GIFFILES 00064.gif
97.06.29 14:44 B I:\qslask\html\loggar\roq\GIFFILES\00065.gif --> home2.swipnet.se /html/loggar/roq/GIFFILES 00065.gif
97.06.29 14:44 B I:\qslask\html\loggar\roq\GIFFILES\00066.gif --> home2.swipnet.se /html/loggar/roq/GIFFILES 00066.gif
97.06.29 14:44 B I:\qslask\html\loggar\roq\GIFFILES\00067.gif --> home2.swipnet.se /html/loggar/roq/GIFFILES 00067.gif
97.06.29 14:44 B I:\qslask\html\loggar\roq\GIFFILES\00068.gif --> home2.swipnet.se /html/loggar/roq/GIFFILES 00068.gif
97.06.29 14:44 B I:\qslask\html\loggar\roq\GIFFILES\00069.gif --> home2.swipnet.se /html/loggar/roq/GIFFILES 00069.gif
97.06.29 14:44 B I:\qslask\html\loggar\roq\GIFFILES\00070.gif --> home2.swipnet.se /html/loggar/roq/GIFFILES 00070.gif
97.06.29 14:44 B I:\qslask\html\loggar\roq\GIFFILES\00071.gif --> home2.swipnet.se /html/loggar/roq/GIFFILES 00071.gif
97.06.29 14:44 B I:\qslask\html\loggar\roq\GIFFILES\00072.gif --> home2.swipnet.se /html/loggar/roq/GIFFILES 00072.gif
97.06.29 14:44 B I:\qslask\html\loggar\roq\GIFFILES\00073.gif --> home2.swipnet.se /html/loggar/roq/GIFFILES 00073.gif
97.06.29 14:44 B I:\qslask\html\loggar\roq\GIFFILES\00074.gif --> home2.swipnet.se /html/loggar/roq/GIFFILES 00074.gif
97.06.29 14:44 B I:\qslask\html\loggar\roq\GIFFILES\00075.gif --> home2.swipnet.se /html/loggar/roq/GIFFILES 00075.gif
97.06.29 14:44 B I:\qslask\html\loggar\roq\GIFFILES\00076.gif --> home2.swipnet.se /html/loggar/roq/GIFFILES 00076.gif
97.06.29 14:44 B I:\qslask\html\loggar\roq\GIFFILES\00077.gif --> home2.swipnet.se /html/loggar/roq/GIFFILES 00077.gif
97.06.29 14:44 B I:\qslask\html\loggar\roq\GIFFILES\00078.gif --> home2.swipnet.se /html/loggar/roq/GIFFILES 00078.gif
97.06.29 14:44 B I:\qslask\html\loggar\roq\GIFFILES\00079.gif --> home2.swipnet.se /html/loggar/roq/GIFFILES 00079.gif
97.06.29 14:44 B I:\qslask\html\loggar\roq\GIFFILES\00080.gif --> home2.swipnet.se /html/loggar/roq/GIFFILES 00080.gif
97.06.29 14:44 B I:\qslask\html\loggar\roq\GIFFILES\00081.gif --> home2.swipnet.se /html/loggar/roq/GIFFILES 00081.gif
97.06.29 14:44 B I:\qslask\html\loggar\roq\GIFFILES\00082.gif --> home2.swipnet.se /html/loggar/roq/GIFFILES 00082.gif
97.06.29 14:44 B I:\qslask\html\loggar\roq\GIFFILES\00083.gif --> home2.swipnet.se /html/loggar/roq/GIFFILES 00083.gif
97.06.29 14:44 B I:\qslask\html\loggar\roq\GIFFILES\00084.gif --> home2.swipnet.se /html/loggar/roq/GIFFILES 00084.gif
97.06.29 14:45 B I:\qslask\html\loggar\roq\GIFFILES\00085.gif --> home2.swipnet.se /html/loggar/roq/GIFFILES 00085.gif
97.06.29 14:45 B I:\qslask\html\loggar\roq\GIFFILES\00086.gif --> home2.swipnet.se /html/loggar/roq/GIFFILES 00086.gif
97.06.29 14:45 B I:\qslask\html\loggar\roq\GIFFILES\00087.gif --> home2.swipnet.se /html/loggar/roq/GIFFILES 00087.gif
97.06.29 14:45 B I:\qslask\html\loggar\roq\GIFFILES\00088.gif --> home2.swipnet.se /html/loggar/roq/GIFFILES 00088.gif
97.06.29 14:45 B I:\qslask\html\loggar\roq\GIFFILES\00089.gif --> home2.swipnet.se /html/loggar/roq/GIFFILES 00089.gif
97.06.29 14:45 B I:\qslask\html\loggar\roq\GIFFILES\00090.gif --> home2.swipnet.se /html/loggar/roq/GIFFILES 00090.gif
97.06.29 14:45 B I:\qslask\html\loggar\roq\GIFFILES\00091.gif --> home2.swipnet.se /html/loggar/roq/GIFFILES 00091.gif
97.06.29 14:45 B I:\qslask\html\loggar\roq\GIFFILES\00092.gif --> home2.swipnet.se /html/loggar/roq/GIFFILES 00092.gif
97.06.29 14:45 B I:\qslask\html\loggar\roq\GIFFILES\00093.gif --> home2.swipnet.se /html/loggar/roq/GIFFILES 00093.gif
97.06.29 14:45 B I:\qslask\html\loggar\roq\GIFFILES\00094.gif --> home2.swipnet.se /html/loggar/roq/GIFFILES 00094.gif
97.06.29 14:45 B I:\qslask\html\loggar\roq\GIFFILES\00095.gif --> home2.swipnet.se /html/loggar/roq/GIFFILES 00095.gif
97.06.29 14:45 B I:\qslask\html\loggar\roq\GIFFILES\00096.gif --> home2.swipnet.se /html/loggar/roq/GIFFILES 00096.gif
97.06.29 14:45 B I:\qslask\html\loggar\roq\GIFFILES\00097.gif --> home2.swipnet.se /html/loggar/roq/GIFFILES 00097.gif
97.06.29 14:45 B I:\qslask\html\loggar\roq\GIFFILES\00098.gif --> home2.swipnet.se /html/loggar/roq/GIFFILES 00098.gif
97.06.29 14:45 B I:\qslask\html\loggar\roq\GIFFILES\00099.gif --> home2.swipnet.se /html/loggar/roq/GIFFILES 00099.gif
97.06.29 14:45 B I:\qslask\html\loggar\roq\GIFFILES\00100.gif --> home2.swipnet.se /html/loggar/roq/GIFFILES 00100.gif
97.06.29 14:45 B I:\qslask\html\loggar\roq\GIFFILES\00101.gif --> home2.swipnet.se /html/loggar/roq/GIFFILES 00101.gif
97.06.29 14:45 B I:\qslask\html\loggar\roq\GIFFILES\00102.gif --> home2.swipnet.se /html/loggar/roq/GIFFILES 00102.gif
97.06.29 14:45 B I:\qslask\html\loggar\roq\GIFFILES\00103.gif --> home2.swipnet.se /html/loggar/roq/GIFFILES 00103.gif
97.06.29 14:45 B I:\qslask\html\loggar\roq\GIFFILES\00104.gif --> home2.swipnet.se /html/loggar/roq/GIFFILES 00104.gif
97.06.29 14:45 B I:\qslask\html\loggar\roq\GIFFILES\00105.gif --> home2.swipnet.se /html/loggar/roq/GIFFILES 00105.gif
97.06.29 14:45 B I:\qslask\html\loggar\roq\GIFFILES\00106.gif --> home2.swipnet.se /html/loggar/roq/GIFFILES 00106.gif
97.06.29 14:45 B I:\qslask\html\loggar\roq\GIFFILES\00107.gif --> home2.swipnet.se /html/loggar/roq/GIFFILES 00107.gif
97.06.29 14:45 B I:\qslask\html\loggar\roq\GIFFILES\00108.gif --> home2.swipnet.se /html/loggar/roq/GIFFILES 00108.gif
97.06.29 14:45 B I:\qslask\html\loggar\roq\GIFFILES\00109.gif --> home2.swipnet.se /html/loggar/roq/GIFFILES 00109.gif
97.06.29 14:45 B I:\qslask\html\loggar\roq\GIFFILES\00110.gif --> home2.swipnet.se /html/loggar/roq/GIFFILES 00110.gif
97.06.29 14:45 B I:\qslask\html\loggar\roq\GIFFILES\00111.gif --> home2.swipnet.se /html/loggar/roq/GIFFILES 00111.gif
97.06.29 14:45 B I:\qslask\html\loggar\roq\GIFFILES\00112.gif --> home2.swipnet.se /html/loggar/roq/GIFFILES 00112.gif
97.06.29 14:45 B I:\qslask\html\loggar\roq\GIFFILES\00113.gif --> home2.swipnet.se /html/loggar/roq/GIFFILES 00113.gif
97.06.29 14:45 B I:\qslask\html\loggar\roq\GIFFILES\00114.gif --> home2.swipnet.se /html/loggar/roq/GIFFILES 00114.gif
97.06.29 14:45 B I:\qslask\html\loggar\roq\GIFFILES\00115.gif --> home2.swipnet.se /html/loggar/roq/GIFFILES 00115.gif
97.06.29 14:45 B I:\qslask\html\loggar\roq\GIFFILES\00116.gif --> home2.swipnet.se /html/loggar/roq/GIFFILES 00116.gif
97.06.29 14:45 B I:\qslask\html\loggar\roq\GIFFILES\00117.gif --> home2.swipnet.se /html/loggar/roq/GIFFILES 00117.gif
97.06.29 14:45 B I:\qslask\html\loggar\roq\GIFFILES\00118.gif --> home2.swipnet.se /html/loggar/roq/GIFFILES 00118.gif
97.06.29 14:45 B I:\qslask\html\loggar\roq\GIFFILES\00119.gif --> home2.swipnet.se /html/loggar/roq/GIFFILES 00119.gif
97.06.29 14:45 B I:\qslask\html\loggar\roq\GIFFILES\BACK.GIF --> home2.swipnet.se /html/loggar/roq/GIFFILES BACK.GIF
97.08.16 19:56 B I:\qslask\html\loggar\roq\GIFFILES\00000.gif --> www10.torget.se /anonymous/websidor/swemob/docs/loggar/roq/GIFFILES 00000.gif
97.08.16 19:56 B I:\qslask\html\loggar\roq\GIFFILES\00001.gif --> www10.torget.se /anonymous/websidor/swemob/docs/loggar/roq/GIFFILES 00001.gif
97.08.16 19:56 B I:\qslask\html\loggar\roq\GIFFILES\00002.gif --> www10.torget.se /anonymous/websidor/swemob/docs/loggar/roq/GIFFILES 00002.gif
97.08.16 19:56 B I:\qslask\html\loggar\roq\GIFFILES\00003.gif --> www10.torget.se /anonymous/websidor/swemob/docs/loggar/roq/GIFFILES 00003.gif
97.08.16 19:56 B I:\qslask\html\loggar\roq\GIFFILES\00004.gif --> www10.torget.se /anonymous/websidor/swemob/docs/loggar/roq/GIFFILES 00004.gif
97.08.16 19:56 B I:\qslask\html\loggar\roq\GIFFILES\00005.gif --> www10.torget.se /anonymous/websidor/swemob/docs/loggar/roq/GIFFILES 00005.gif
97.08.16 19:56 B I:\qslask\html\loggar\roq\GIFFILES\00006.gif --> www10.torget.se /anonymous/websidor/swemob/docs/loggar/roq/GIFFILES 00006.gif
97.08.16 19:56 B I:\qslask\html\loggar\roq\GIFFILES\00007.gif --> www10.torget.se /anonymous/websidor/swemob/docs/loggar/roq/GIFFILES 00007.gif
97.08.16 19:56 B I:\qslask\html\loggar\roq\GIFFILES\00008.gif --> www10.torget.se /anonymous/websidor/swemob/docs/loggar/roq/GIFFILES 00008.gif
97.08.16 19:56 B I:\qslask\html\loggar\roq\GIFFILES\00009.gif --> www10.torget.se /anonymous/websidor/swemob/docs/loggar/roq/GIFFILES 00009.gif
97.08.16 19:56 B I:\qslask\html\loggar\roq\GIFFILES\00010.gif --> www10.torget.se /anonymous/websidor/swemob/docs/loggar/roq/GIFFILES 00010.gif
97.08.16 19:56 B I:\qslask\html\loggar\roq\GIFFILES\00011.gif --> www10.torget.se /anonymous/websidor/swemob/docs/loggar/roq/GIFFILES 00011.gif
97.08.16 19:56 B I:\qslask\html\loggar\roq\GIFFILES\00012.gif --> www10.torget.se /anonymous/websidor/swemob/docs/loggar/roq/GIFFILES 00012.gif
97.08.16 19:56 B I:\qslask\html\loggar\roq\GIFFILES\00013.gif --> www10.torget.se /anonymous/websidor/swemob/docs/loggar/roq/GIFFILES 00013.gif
97.08.16 19:56 B I:\qslask\html\loggar\roq\GIFFILES\00014.gif --> www10.torget.se /anonymous/websidor/swemob/docs/loggar/roq/GIFFILES 00014.gif
97.08.16 19:56 B I:\qslask\html\loggar\roq\GIFFILES\00015.gif --> www10.torget.se /anonymous/websidor/swemob/docs/loggar/roq/GIFFILES 00015.gif
97.08.16 19:56 B I:\qslask\html\loggar\roq\GIFFILES\00016.gif --> www10.torget.se /anonymous/websidor/swemob/docs/loggar/roq/GIFFILES 00016.gif
97.08.16 19:56 B I:\qslask\html\loggar\roq\GIFFILES\00017.gif --> www10.torget.se /anonymous/websidor/swemob/docs/loggar/roq/GIFFILES 00017.gif
97.08.16 19:56 B I:\qslask\html\loggar\roq\GIFFILES\00018.gif --> www10.torget.se /anonymous/websidor/swemob/docs/loggar/roq/GIFFILES 00018.gif
97.08.16 19:56 B I:\qslask\html\loggar\roq\GIFFILES\00019.gif --> www10.torget.se /anonymous/websidor/swemob/docs/loggar/roq/GIFFILES 00019.gif
97.08.16 19:56 B I:\qslask\html\loggar\roq\GIFFILES\00020.gif --> www10.torget.se /anonymous/websidor/swemob/docs/loggar/roq/GIFFILES 00020.gif
97.08.16 19:56 B I:\qslask\html\loggar\roq\GIFFILES\00021.gif --> www10.torget.se /anonymous/websidor/swemob/docs/loggar/roq/GIFFILES 00021.gif
97.08.16 19:56 B I:\qslask\html\loggar\roq\GIFFILES\00022.gif --> www10.torget.se /anonymous/websidor/swemob/docs/loggar/roq/GIFFILES 00022.gif
97.08.16 19:56 B I:\qslask\html\loggar\roq\GIFFILES\00023.gif --> www10.torget.se /anonymous/websidor/swemob/docs/loggar/roq/GIFFILES 00023.gif
97.08.16 19:56 B I:\qslask\html\loggar\roq\GIFFILES\00024.gif --> www10.torget.se /anonymous/websidor/swemob/docs/loggar/roq/GIFFILES 00024.gif
97.08.16 19:56 B I:\qslask\html\loggar\roq\GIFFILES\00025.gif --> www10.torget.se /anonymous/websidor/swemob/docs/loggar/roq/GIFFILES 00025.gif
97.08.16 19:56 B I:\qslask\html\loggar\roq\GIFFILES\00026.gif --> www10.torget.se /anonymous/websidor/swemob/docs/loggar/roq/GIFFILES 00026.gif
97.08.16 19:56 B I:\qslask\html\loggar\roq\GIFFILES\00027.gif --> www10.torget.se /anonymous/websidor/swemob/docs/loggar/roq/GIFFILES 00027.gif
97.08.16 19:57 B I:\qslask\html\loggar\roq\GIFFILES\00028.gif --> www10.torget.se /anonymous/websidor/swemob/docs/loggar/roq/GIFFILES 00028.gif
97.08.16 19:57 B I:\qslask\html\loggar\roq\GIFFILES\00029.gif --> www10.torget.se /anonymous/websidor/swemob/docs/loggar/roq/GIFFILES 00029.gif
97.08.16 19:57 B I:\qslask\html\loggar\roq\GIFFILES\00030.gif --> www10.torget.se /anonymous/websidor/swemob/docs/loggar/roq/GIFFILES 00030.gif
97.08.16 19:57 B I:\qslask\html\loggar\roq\GIFFILES\00031.gif --> www10.torget.se /anonymous/websidor/swemob/docs/loggar/roq/GIFFILES 00031.gif
97.08.16 19:57 B I:\qslask\html\loggar\roq\GIFFILES\00032.gif --> www10.torget.se /anonymous/websidor/swemob/docs/loggar/roq/GIFFILES 00032.gif
97.08.16 19:57 B I:\qslask\html\loggar\roq\GIFFILES\00033.gif --> www10.torget.se /anonymous/websidor/swemob/docs/loggar/roq/GIFFILES 00033.gif
97.08.16 19:57 B I:\qslask\html\loggar\roq\GIFFILES\00034.gif --> www10.torget.se /anonymous/websidor/swemob/docs/loggar/roq/GIFFILES 00034.gif
97.08.16 19:57 B I:\qslask\html\loggar\roq\GIFFILES\00035.gif --> www10.torget.se /anonymous/websidor/swemob/docs/loggar/roq/GIFFILES 00035.gif
97.08.16 19:57 B I:\qslask\html\loggar\roq\GIFFILES\00036.gif --> www10.torget.se /anonymous/websidor/swemob/docs/loggar/roq/GIFFILES 00036.gif
97.08.16 19:57 B I:\qslask\html\loggar\roq\GIFFILES\00037.gif --> www10.torget.se /anonymous/websidor/swemob/docs/loggar/roq/GIFFILES 00037.gif
97.08.16 19:57 B I:\qslask\html\loggar\roq\GIFFILES\00038.gif --> www10.torget.se /anonymous/websidor/swemob/docs/loggar/roq/GIFFILES 00038.gif
97.08.16 19:57 B I:\qslask\html\loggar\roq\GIFFILES\00039.gif --> www10.torget.se /anonymous/websidor/swemob/docs/loggar/roq/GIFFILES 00039.gif
97.08.16 19:57 B I:\qslask\html\loggar\roq\GIFFILES\00040.gif --> www10.torget.se /anonymous/websidor/swemob/docs/loggar/roq/GIFFILES 00040.gif
97.08.16 19:57 B I:\qslask\html\loggar\roq\GIFFILES\00041.gif --> www10.torget.se /anonymous/websidor/swemob/docs/loggar/roq/GIFFILES 00041.gif
97.08.16 19:57 B I:\qslask\html\loggar\roq\GIFFILES\00042.gif --> www10.torget.se /anonymous/websidor/swemob/docs/loggar/roq/GIFFILES 00042.gif
97.08.16 19:57 B I:\qslask\html\loggar\roq\GIFFILES\00043.gif --> www10.torget.se /anonymous/websidor/swemob/docs/loggar/roq/GIFFILES 00043.gif
97.08.16 19:57 B I:\qslask\html\loggar\roq\GIFFILES\00044.gif --> www10.torget.se /anonymous/websidor/swemob/docs/loggar/roq/GIFFILES 00044.gif
97.08.16 19:57 B I:\qslask\html\loggar\roq\GIFFILES\00045.gif --> www10.torget.se /anonymous/websidor/swemob/docs/loggar/roq/GIFFILES 00045.gif
97.08.16 19:57 B I:\qslask\html\loggar\roq\GIFFILES\00046.gif --> www10.torget.se /anonymous/websidor/swemob/docs/loggar/roq/GIFFILES 00046.gif
97.08.16 19:57 B I:\qslask\html\loggar\roq\GIFFILES\00047.gif --> www10.torget.se /anonymous/websidor/swemob/docs/loggar/roq/GIFFILES 00047.gif
97.08.16 19:57 B I:\qslask\html\loggar\roq\GIFFILES\00048.gif --> www10.torget.se /anonymous/websidor/swemob/docs/loggar/roq/GIFFILES 00048.gif
97.08.16 19:57 B I:\qslask\html\loggar\roq\GIFFILES\00049.gif --> www10.torget.se /anonymous/websidor/swemob/docs/loggar/roq/GIFFILES 00049.gif
97.08.16 19:57 B I:\qslask\html\loggar\roq\GIFFILES\00050.gif --> www10.torget.se /anonymous/websidor/swemob/docs/loggar/roq/GIFFILES 00050.gif
97.08.16 19:57 B I:\qslask\html\loggar\roq\GIFFILES\00051.gif --> www10.torget.se /anonymous/websidor/swemob/docs/loggar/roq/GIFFILES 00051.gif
97.08.16 19:57 B I:\qslask\html\loggar\roq\GIFFILES\00052.gif --> www10.torget.se /anonymous/websidor/swemob/docs/loggar/roq/GIFFILES 00052.gif
97.08.16 19:57 B I:\qslask\html\loggar\roq\GIFFILES\00053.gif --> www10.torget.se /anonymous/websidor/swemob/docs/loggar/roq/GIFFILES 00053.gif
97.08.16 19:57 B I:\qslask\html\loggar\roq\GIFFILES\00054.gif --> www10.torget.se /anonymous/websidor/swemob/docs/loggar/roq/GIFFILES 00054.gif
97.08.16 19:57 B I:\qslask\html\loggar\roq\GIFFILES\00055.gif --> www10.torget.se /anonymous/websidor/swemob/docs/loggar/roq/GIFFILES 00055.gif
97.08.16 19:57 B I:\qslask\html\loggar\roq\GIFFILES\00056.gif --> www10.torget.se /anonymous/websidor/swemob/docs/loggar/roq/GIFFILES 00056.gif
97.08.16 19:57 B I:\qslask\html\loggar\roq\GIFFILES\00057.gif --> www10.torget.se /anonymous/websidor/swemob/docs/loggar/roq/GIFFILES 00057.gif
97.08.16 19:57 B I:\qslask\html\loggar\roq\GIFFILES\00058.gif --> www10.torget.se /anonymous/websidor/swemob/docs/loggar/roq/GIFFILES 00058.gif
97.08.16 19:57 B I:\qslask\html\loggar\roq\GIFFILES\00059.gif --> www10.torget.se /anonymous/websidor/swemob/docs/loggar/roq/GIFFILES 00059.gif
97.08.16 19:57 B I:\qslask\html\loggar\roq\GIFFILES\00060.gif --> www10.torget.se /anonymous/websidor/swemob/docs/loggar/roq/GIFFILES 00060.gif
97.08.16 19:57 B I:\qslask\html\loggar\roq\GIFFILES\00061.gif --> www10.torget.se /anonymous/websidor/swemob/docs/loggar/roq/GIFFILES 00061.gif
97.08.16 19:57 B I:\qslask\html\loggar\roq\GIFFILES\00062.gif --> www10.torget.se /anonymous/websidor/swemob/docs/loggar/roq/GIFFILES 00062.gif
97.08.16 19:57 B I:\qslask\html\loggar\roq\GIFFILES\00063.gif --> www10.torget.se /anonymous/websidor/swemob/docs/loggar/roq/GIFFILES 00063.gif
97.08.16 19:57 B I:\qslask\html\loggar\roq\GIFFILES\00064.gif --> www10.torget.se /anonymous/websidor/swemob/docs/loggar/roq/GIFFILES 00064.gif
97.08.16 19:57 B I:\qslask\html\loggar\roq\GIFFILES\00065.gif --> www10.torget.se /anonymous/websidor/swemob/docs/loggar/roq/GIFFILES 00065.gif
97.08.16 19:57 B I:\qslask\html\loggar\roq\GIFFILES\00066.gif --> www10.torget.se /anonymous/websidor/swemob/docs/loggar/roq/GIFFILES 00066.gif
97.08.16 19:57 B I:\qslask\html\loggar\roq\GIFFILES\00067.gif --> www10.torget.se /anonymous/websidor/swemob/docs/loggar/roq/GIFFILES 00067.gif
97.08.16 19:57 B I:\qslask\html\loggar\roq\GIFFILES\00068.gif --> www10.torget.se /anonymous/websidor/swemob/docs/loggar/roq/GIFFILES 00068.gif
97.08.16 19:57 B I:\qslask\html\loggar\roq\GIFFILES\00069.gif --> www10.torget.se /anonymous/websidor/swemob/docs/loggar/roq/GIFFILES 00069.gif
97.08.16 19:57 B I:\qslask\html\loggar\roq\GIFFILES\00070.gif --> www10.torget.se /anonymous/websidor/swemob/docs/loggar/roq/GIFFILES 00070.gif
97.08.16 19:57 B I:\qslask\html\loggar\roq\GIFFILES\00071.gif --> www10.torget.se /anonymous/websidor/swemob/docs/loggar/roq/GIFFILES 00071.gif
97.08.16 19:57 B I:\qslask\html\loggar\roq\GIFFILES\00072.gif --> www10.torget.se /anonymous/websidor/swemob/docs/loggar/roq/GIFFILES 00072.gif
97.08.16 19:57 B I:\qslask\html\loggar\roq\GIFFILES\00073.gif --> www10.torget.se /anonymous/websidor/swemob/docs/loggar/roq/GIFFILES 00073.gif
97.08.16 19:57 B I:\qslask\html\loggar\roq\GIFFILES\00074.gif --> www10.torget.se /anonymous/websidor/swemob/docs/loggar/roq/GIFFILES 00074.gif
97.08.16 19:57 B I:\qslask\html\loggar\roq\GIFFILES\00075.gif --> www10.torget.se /anonymous/websidor/swemob/docs/loggar/roq/GIFFILES 00075.gif
97.08.16 19:57 B I:\qslask\html\loggar\roq\GIFFILES\00076.gif --> www10.torget.se /anonymous/websidor/swemob/docs/loggar/roq/GIFFILES 00076.gif
97.08.16 19:57 B I:\qslask\html\loggar\roq\GIFFILES\00077.gif --> www10.torget.se /anonymous/websidor/swemob/docs/loggar/roq/GIFFILES 00077.gif
97.08.16 19:57 B I:\qslask\html\loggar\roq\GIFFILES\00078.gif --> www10.torget.se /anonymous/websidor/swemob/docs/loggar/roq/GIFFILES 00078.gif
97.08.16 19:58 B I:\qslask\html\loggar\roq\GIFFILES\00079.gif --> www10.torget.se /anonymous/websidor/swemob/docs/loggar/roq/GIFFILES 00079.gif
97.08.16 19:58 B I:\qslask\html\loggar\roq\GIFFILES\00080.gif --> www10.torget.se /anonymous/websidor/swemob/docs/loggar/roq/GIFFILES 00080.gif
97.08.16 19:58 B I:\qslask\html\loggar\roq\GIFFILES\00081.gif --> www10.torget.se /anonymous/websidor/swemob/docs/loggar/roq/GIFFILES 00081.gif
97.08.16 19:58 B I:\qslask\html\loggar\roq\GIFFILES\00082.gif --> www10.torget.se /anonymous/websidor/swemob/docs/loggar/roq/GIFFILES 00082.gif
97.08.16 19:58 B I:\qslask\html\loggar\roq\GIFFILES\00083.gif --> www10.torget.se /anonymous/websidor/swemob/docs/loggar/roq/GIFFILES 00083.gif
97.08.16 19:58 B I:\qslask\html\loggar\roq\GIFFILES\00084.gif --> www10.torget.se /anonymous/websidor/swemob/docs/loggar/roq/GIFFILES 00084.gif
97.08.16 19:58 B I:\qslask\html\loggar\roq\GIFFILES\00085.gif --> www10.torget.se /anonymous/websidor/swemob/docs/loggar/roq/GIFFILES 00085.gif
97.08.16 19:58 B I:\qslask\html\loggar\roq\GIFFILES\00086.gif --> www10.torget.se /anonymous/websidor/swemob/docs/loggar/roq/GIFFILES 00086.gif
97.08.16 19:58 B I:\qslask\html\loggar\roq\GIFFILES\00087.gif --> www10.torget.se /anonymous/websidor/swemob/docs/loggar/roq/GIFFILES 00087.gif
97.08.16 19:58 B I:\qslask\html\loggar\roq\GIFFILES\00088.gif --> www10.torget.se /anonymous/websidor/swemob/docs/loggar/roq/GIFFILES 00088.gif
97.08.16 19:58 B I:\qslask\html\loggar\roq\GIFFILES\00089.gif --> www10.torget.se /anonymous/websidor/swemob/docs/loggar/roq/GIFFILES 00089.gif
97.08.16 19:58 B I:\qslask\html\loggar\roq\GIFFILES\00090.gif --> www10.torget.se /anonymous/websidor/swemob/docs/loggar/roq/GIFFILES 00090.gif
97.08.16 19:58 B I:\qslask\html\loggar\roq\GIFFILES\00091.gif --> www10.torget.se /anonymous/websidor/swemob/docs/loggar/roq/GIFFILES 00091.gif
97.08.16 19:58 B I:\qslask\html\loggar\roq\GIFFILES\00092.gif --> www10.torget.se /anonymous/websidor/swemob/docs/loggar/roq/GIFFILES 00092.gif
97.08.16 19:58 B I:\qslask\html\loggar\roq\GIFFILES\00093.gif --> www10.torget.se /anonymous/websidor/swemob/docs/loggar/roq/GIFFILES 00093.gif
97.08.16 19:58 B I:\qslask\html\loggar\roq\GIFFILES\00094.gif --> www10.torget.se /anonymous/websidor/swemob/docs/loggar/roq/GIFFILES 00094.gif
97.08.16 19:58 B I:\qslask\html\loggar\roq\GIFFILES\00095.gif --> www10.torget.se /anonymous/websidor/swemob/docs/loggar/roq/GIFFILES 00095.gif
97.08.16 19:58 B I:\qslask\html\loggar\roq\GIFFILES\00096.gif --> www10.torget.se /anonymous/websidor/swemob/docs/loggar/roq/GIFFILES 00096.gif
97.08.16 19:58 B I:\qslask\html\loggar\roq\GIFFILES\00097.gif --> www10.torget.se /anonymous/websidor/swemob/docs/loggar/roq/GIFFILES 00097.gif
97.08.16 19:58 B I:\qslask\html\loggar\roq\GIFFILES\00098.gif --> www10.torget.se /anonymous/websidor/swemob/docs/loggar/roq/GIFFILES 00098.gif
97.08.16 19:58 B I:\qslask\html\loggar\roq\GIFFILES\00099.gif --> www10.torget.se /anonymous/websidor/swemob/docs/loggar/roq/GIFFILES 00099.gif
97.08.16 19:58 B I:\qslask\html\loggar\roq\GIFFILES\00100.gif --> www10.torget.se /anonymous/websidor/swemob/docs/loggar/roq/GIFFILES 00100.gif
97.08.16 19:58 B I:\qslask\html\loggar\roq\GIFFILES\00101.gif --> www10.torget.se /anonymous/websidor/swemob/docs/loggar/roq/GIFFILES 00101.gif
97.08.16 19:58 B I:\qslask\html\loggar\roq\GIFFILES\00102.gif --> www10.torget.se /anonymous/websidor/swemob/docs/loggar/roq/GIFFILES 00102.gif
97.08.16 19:58 B I:\qslask\html\loggar\roq\GIFFILES\00103.gif --> www10.torget.se /anonymous/websidor/swemob/docs/loggar/roq/GIFFILES 00103.gif
97.08.16 19:58 B I:\qslask\html\loggar\roq\GIFFILES\00104.gif --> www10.torget.se /anonymous/websidor/swemob/docs/loggar/roq/GIFFILES 00104.gif
97.08.16 19:58 B I:\qslask\html\loggar\roq\GIFFILES\00105.gif --> www10.torget.se /anonymous/websidor/swemob/docs/loggar/roq/GIFFILES 00105.gif
97.08.16 19:58 B I:\qslask\html\loggar\roq\GIFFILES\00106.gif --> www10.torget.se /anonymous/websidor/swemob/docs/loggar/roq/GIFFILES 00106.gif
97.08.16 19:58 B I:\qslask\html\loggar\roq\GIFFILES\00107.gif --> www10.torget.se /anonymous/websidor/swemob/docs/loggar/roq/GIFFILES 00107.gif
97.08.16 19:58 B I:\qslask\html\loggar\roq\GIFFILES\00108.gif --> www10.torget.se /anonymous/websidor/swemob/docs/loggar/roq/GIFFILES 00108.gif
97.08.16 19:58 B I:\qslask\html\loggar\roq\GIFFILES\00109.gif --> www10.torget.se /anonymous/websidor/swemob/docs/loggar/roq/GIFFILES 00109.gif
97.08.16 19:58 B I:\qslask\html\loggar\roq\GIFFILES\00110.gif --> www10.torget.se /anonymous/websidor/swemob/docs/loggar/roq/GIFFILES 00110.gif
97.08.16 19:58 B I:\qslask\html\loggar\roq\GIFFILES\00111.gif --> www10.torget.se /anonymous/websidor/swemob/docs/loggar/roq/GIFFILES 00111.gif
97.08.16 19:58 B I:\qslask\html\loggar\roq\GIFFILES\00112.gif --> www10.torget.se /anonymous/websidor/swemob/docs/loggar/roq/GIFFILES 00112.gif
97.08.16 19:58 B I:\qslask\html\loggar\roq\GIFFILES\00113.gif --> www10.torget.se /anonymous/websidor/swemob/docs/loggar/roq/GIFFILES 00113.gif
97.08.16 19:58 B I:\qslask\html\loggar\roq\GIFFILES\00114.gif --> www10.torget.se /anonymous/websidor/swemob/docs/loggar/roq/GIFFILES 00114.gif
97.08.16 19:58 B I:\qslask\html\loggar\roq\GIFFILES\00115.gif --> www10.torget.se /anonymous/websidor/swemob/docs/loggar/roq/GIFFILES 00115.gif
97.08.16 19:58 B I:\qslask\html\loggar\roq\GIFFILES\00116.gif --> www10.torget.se /anonymous/websidor/swemob/docs/loggar/roq/GIFFILES 00116.gif
97.08.16 19:58 B I:\qslask\html\loggar\roq\GIFFILES\00117.gif --> www10.torget.se /anonymous/websidor/swemob/docs/loggar/roq/GIFFILES 00117.gif
97.08.16 19:58 B I:\qslask\html\loggar\roq\GIFFILES\00118.gif --> www10.torget.se /anonymous/websidor/swemob/docs/loggar/roq/GIFFILES 00118.gif
97.08.16 19:58 B I:\qslask\html\loggar\roq\GIFFILES\00119.gif --> www10.torget.se /anonymous/websidor/swemob/docs/loggar/roq/GIFFILES 00119.gif
97.08.16 19:58 B I:\qslask\html\loggar\roq\GIFFILES\BACK.GIF --> www10.torget.se /anonymous/websidor/swemob/docs/loggar/roq/GIFFILES BACK.GIF
97.08.16 19:58 B I:\qslask\html\loggar\roq\GIFFILES\WS_FTP.LOG --> www10.torget.se /anonymous/websidor/swemob/docs/loggar/roq/GIFFILES WS_FTP.LOG
97.08.16 20:05 B I:\qslask\html\loggar\roq\GIFFILES\00000.gif --> www10.torget.se /anonymous/websidor/swemob/docs/loggar/roq/giffiles 00000.gif
97.08.16 20:05 B I:\qslask\html\loggar\roq\GIFFILES\00001.gif --> www10.torget.se /anonymous/websidor/swemob/docs/loggar/roq/giffiles 00001.gif
97.08.16 20:05 B I:\qslask\html\loggar\roq\GIFFILES\00002.gif --> www10.torget.se /anonymous/websidor/swemob/docs/loggar/roq/giffiles 00002.gif
97.08.16 20:05 B I:\qslask\html\loggar\roq\GIFFILES\00003.gif --> www10.torget.se /anonymous/websidor/swemob/docs/loggar/roq/giffiles 00003.gif
97.08.16 20:05 B I:\qslask\html\loggar\roq\GIFFILES\00004.gif --> www10.torget.se /anonymous/websidor/swemob/docs/loggar/roq/giffiles 00004.gif
97.08.16 20:05 B I:\qslask\html\loggar\roq\GIFFILES\00005.gif --> www10.torget.se /anonymous/websidor/swemob/docs/loggar/roq/giffiles 00005.gif
97.08.16 20:05 B I:\qslask\html\loggar\roq\GIFFILES\00006.gif --> www10.torget.se /anonymous/websidor/swemob/docs/loggar/roq/giffiles 00006.gif
97.08.16 20:05 B I:\qslask\html\loggar\roq\GIFFILES\00007.gif --> www10.torget.se /anonymous/websidor/swemob/docs/loggar/roq/giffiles 00007.gif
97.08.16 20:05 B I:\qslask\html\loggar\roq\GIFFILES\00008.gif --> www10.torget.se /anonymous/websidor/swemob/docs/loggar/roq/giffiles 00008.gif
97.08.16 20:05 B I:\qslask\html\loggar\roq\GIFFILES\00009.gif --> www10.torget.se /anonymous/websidor/swemob/docs/loggar/roq/giffiles 00009.gif
97.08.16 20:05 B I:\qslask\html\loggar\roq\GIFFILES\00010.gif --> www10.torget.se /anonymous/websidor/swemob/docs/loggar/roq/giffiles 00010.gif
97.08.16 20:05 B I:\qslask\html\loggar\roq\GIFFILES\00011.gif --> www10.torget.se /anonymous/websidor/swemob/docs/loggar/roq/giffiles 00011.gif
97.08.16 20:05 B I:\qslask\html\loggar\roq\GIFFILES\00012.gif --> www10.torget.se /anonymous/websidor/swemob/docs/loggar/roq/giffiles 00012.gif
97.08.16 20:05 B I:\qslask\html\loggar\roq\GIFFILES\00013.gif --> www10.torget.se /anonymous/websidor/swemob/docs/loggar/roq/giffiles 00013.gif
97.08.16 20:05 B I:\qslask\html\loggar\roq\GIFFILES\00014.gif --> www10.torget.se /anonymous/websidor/swemob/docs/loggar/roq/giffiles 00014.gif
97.08.16 20:05 B I:\qslask\html\loggar\roq\GIFFILES\00015.gif --> www10.torget.se /anonymous/websidor/swemob/docs/loggar/roq/giffiles 00015.gif
97.08.16 20:05 B I:\qslask\html\loggar\roq\GIFFILES\00016.gif --> www10.torget.se /anonymous/websidor/swemob/docs/loggar/roq/giffiles 00016.gif
97.08.16 20:05 B I:\qslask\html\loggar\roq\GIFFILES\00017.gif --> www10.torget.se /anonymous/websidor/swemob/docs/loggar/roq/giffiles 00017.gif
97.08.16 20:05 B I:\qslask\html\loggar\roq\GIFFILES\00018.gif --> www10.torget.se /anonymous/websidor/swemob/docs/loggar/roq/giffiles 00018.gif
97.08.16 20:05 B I:\qslask\html\loggar\roq\GIFFILES\00019.gif --> www10.torget.se /anonymous/websidor/swemob/docs/loggar/roq/giffiles 00019.gif
97.08.16 20:06 B I:\qslask\html\loggar\roq\GIFFILES\00020.gif --> www10.torget.se /anonymous/websidor/swemob/docs/loggar/roq/giffiles 00020.gif
97.08.16 20:06 B I:\qslask\html\loggar\roq\GIFFILES\00021.gif --> www10.torget.se /anonymous/websidor/swemob/docs/loggar/roq/giffiles 00021.gif
97.08.16 20:06 B I:\qslask\html\loggar\roq\GIFFILES\00022.gif --> www10.torget.se /anonymous/websidor/swemob/docs/loggar/roq/giffiles 00022.gif
97.08.16 20:06 B I:\qslask\html\loggar\roq\GIFFILES\00023.gif --> www10.torget.se /anonymous/websidor/swemob/docs/loggar/roq/giffiles 00023.gif
97.08.16 20:06 B I:\qslask\html\loggar\roq\GIFFILES\00024.gif --> www10.torget.se /anonymous/websidor/swemob/docs/loggar/roq/giffiles 00024.gif
97.08.16 20:06 B I:\qslask\html\loggar\roq\GIFFILES\00025.gif --> www10.torget.se /anonymous/websidor/swemob/docs/loggar/roq/giffiles 00025.gif
97.08.16 20:06 B I:\qslask\html\loggar\roq\GIFFILES\00026.gif --> www10.torget.se /anonymous/websidor/swemob/docs/loggar/roq/giffiles 00026.gif
97.08.16 20:06 B I:\qslask\html\loggar\roq\GIFFILES\00027.gif --> www10.torget.se /anonymous/websidor/swemob/docs/loggar/roq/giffiles 00027.gif
97.08.16 20:06 B I:\qslask\html\loggar\roq\GIFFILES\00028.gif --> www10.torget.se /anonymous/websidor/swemob/docs/loggar/roq/giffiles 00028.gif
97.08.16 20:06 B I:\qslask\html\loggar\roq\GIFFILES\00029.gif --> www10.torget.se /anonymous/websidor/swemob/docs/loggar/roq/giffiles 00029.gif
97.08.16 20:06 B I:\qslask\html\loggar\roq\GIFFILES\00030.gif --> www10.torget.se /anonymous/websidor/swemob/docs/loggar/roq/giffiles 00030.gif
97.08.16 20:06 B I:\qslask\html\loggar\roq\GIFFILES\00031.gif --> www10.torget.se /anonymous/websidor/swemob/docs/loggar/roq/giffiles 00031.gif
97.08.16 20:06 B I:\qslask\html\loggar\roq\GIFFILES\00032.gif --> www10.torget.se /anonymous/websidor/swemob/docs/loggar/roq/giffiles 00032.gif
97.08.16 20:06 B I:\qslask\html\loggar\roq\GIFFILES\00033.gif --> www10.torget.se /anonymous/websidor/swemob/docs/loggar/roq/giffiles 00033.gif
97.08.16 20:06 B I:\qslask\html\loggar\roq\GIFFILES\00034.gif --> www10.torget.se /anonymous/websidor/swemob/docs/loggar/roq/giffiles 00034.gif
97.08.16 20:06 B I:\qslask\html\loggar\roq\GIFFILES\00035.gif --> www10.torget.se /anonymous/websidor/swemob/docs/loggar/roq/giffiles 00035.gif
97.08.16 20:06 B I:\qslask\html\loggar\roq\GIFFILES\00036.gif --> www10.torget.se /anonymous/websidor/swemob/docs/loggar/roq/giffiles 00036.gif
97.08.16 20:06 B I:\qslask\html\loggar\roq\GIFFILES\00037.gif --> www10.torget.se /anonymous/websidor/swemob/docs/loggar/roq/giffiles 00037.gif
97.08.16 20:06 B I:\qslask\html\loggar\roq\GIFFILES\00038.gif --> www10.torget.se /anonymous/websidor/swemob/docs/loggar/roq/giffiles 00038.gif
97.08.16 20:06 B I:\qslask\html\loggar\roq\GIFFILES\00039.gif --> www10.torget.se /anonymous/websidor/swemob/docs/loggar/roq/giffiles 00039.gif
97.08.16 20:06 B I:\qslask\html\loggar\roq\GIFFILES\00040.gif --> www10.torget.se /anonymous/websidor/swemob/docs/loggar/roq/giffiles 00040.gif
97.08.16 20:06 B I:\qslask\html\loggar\roq\GIFFILES\00041.gif --> www10.torget.se /anonymous/websidor/swemob/docs/loggar/roq/giffiles 00041.gif
97.08.16 20:06 B I:\qslask\html\loggar\roq\GIFFILES\00042.gif --> www10.torget.se /anonymous/websidor/swemob/docs/loggar/roq/giffiles 00042.gif
97.08.16 20:06 B I:\qslask\html\loggar\roq\GIFFILES\00043.gif --> www10.torget.se /anonymous/websidor/swemob/docs/loggar/roq/giffiles 00043.gif
97.08.16 20:06 B I:\qslask\html\loggar\roq\GIFFILES\00044.gif --> www10.torget.se /anonymous/websidor/swemob/docs/loggar/roq/giffiles 00044.gif
97.08.16 20:06 B I:\qslask\html\loggar\roq\GIFFILES\00045.gif --> www10.torget.se /anonymous/websidor/swemob/docs/loggar/roq/giffiles 00045.gif
97.08.16 20:06 B I:\qslask\html\loggar\roq\GIFFILES\00046.gif --> www10.torget.se /anonymous/websidor/swemob/docs/loggar/roq/giffiles 00046.gif
97.08.16 20:06 B I:\qslask\html\loggar\roq\GIFFILES\00047.gif --> www10.torget.se /anonymous/websidor/swemob/docs/loggar/roq/giffiles 00047.gif
97.08.16 20:06 B I:\qslask\html\loggar\roq\GIFFILES\00048.gif --> www10.torget.se /anonymous/websidor/swemob/docs/loggar/roq/giffiles 00048.gif
97.08.16 20:06 B I:\qslask\html\loggar\roq\GIFFILES\00049.gif --> www10.torget.se /anonymous/websidor/swemob/docs/loggar/roq/giffiles 00049.gif
97.08.16 20:06 B I:\qslask\html\loggar\roq\GIFFILES\00050.gif --> www10.torget.se /anonymous/websidor/swemob/docs/loggar/roq/giffiles 00050.gif
97.08.16 20:06 B I:\qslask\html\loggar\roq\GIFFILES\00051.gif --> www10.torget.se /anonymous/websidor/swemob/docs/loggar/roq/giffiles 00051.gif
97.08.16 20:06 B I:\qslask\html\loggar\roq\GIFFILES\00052.gif --> www10.torget.se /anonymous/websidor/swemob/docs/loggar/roq/giffiles 00052.gif
97.08.16 20:06 B I:\qslask\html\loggar\roq\GIFFILES\00053.gif --> www10.torget.se /anonymous/websidor/swemob/docs/loggar/roq/giffiles 00053.gif
97.08.16 20:06 B I:\qslask\html\loggar\roq\GIFFILES\00054.gif --> www10.torget.se /anonymous/websidor/swemob/docs/loggar/roq/giffiles 00054.gif
97.08.16 20:06 B I:\qslask\html\loggar\roq\GIFFILES\00055.gif --> www10.torget.se /anonymous/websidor/swemob/docs/loggar/roq/giffiles 00055.gif
97.08.16 20:06 B I:\qslask\html\loggar\roq\GIFFILES\00056.gif --> www10.torget.se /anonymous/websidor/swemob/docs/loggar/roq/giffiles 00056.gif
97.08.16 20:06 B I:\qslask\html\loggar\roq\GIFFILES\00057.gif --> www10.torget.se /anonymous/websidor/swemob/docs/loggar/roq/giffiles 00057.gif
97.08.16 20:06 B I:\qslask\html\loggar\roq\GIFFILES\00058.gif --> www10.torget.se /anonymous/websidor/swemob/docs/loggar/roq/giffiles 00058.gif
97.08.16 20:06 B I:\qslask\html\loggar\roq\GIFFILES\00059.gif --> www10.torget.se /anonymous/websidor/swemob/docs/loggar/roq/giffiles 00059.gif
97.08.16 20:06 B I:\qslask\html\loggar\roq\GIFFILES\00060.gif --> www10.torget.se /anonymous/websidor/swemob/docs/loggar/roq/giffiles 00060.gif
97.08.16 20:06 B I:\qslask\html\loggar\roq\GIFFILES\00061.gif --> www10.torget.se /anonymous/websidor/swemob/docs/loggar/roq/giffiles 00061.gif
97.08.16 20:06 B I:\qslask\html\loggar\roq\GIFFILES\00062.gif --> www10.torget.se /anonymous/websidor/swemob/docs/loggar/roq/giffiles 00062.gif
97.08.16 20:06 B I:\qslask\html\loggar\roq\GIFFILES\00063.gif --> www10.torget.se /anonymous/websidor/swemob/docs/loggar/roq/giffiles 00063.gif
97.08.16 20:06 B I:\qslask\html\loggar\roq\GIFFILES\00064.gif --> www10.torget.se /anonymous/websidor/swemob/docs/loggar/roq/giffiles 00064.gif
97.08.16 20:06 B I:\qslask\html\loggar\roq\GIFFILES\00065.gif --> www10.torget.se /anonymous/websidor/swemob/docs/loggar/roq/giffiles 00065.gif
97.08.16 20:06 B I:\qslask\html\loggar\roq\GIFFILES\00066.gif --> www10.torget.se /anonymous/websidor/swemob/docs/loggar/roq/giffiles 00066.gif
97.08.16 20:06 B I:\qslask\html\loggar\roq\GIFFILES\00067.gif --> www10.torget.se /anonymous/websidor/swemob/docs/loggar/roq/giffiles 00067.gif
97.08.16 20:06 B I:\qslask\html\loggar\roq\GIFFILES\00068.gif --> www10.torget.se /anonymous/websidor/swemob/docs/loggar/roq/giffiles 00068.gif
97.08.16 20:06 B I:\qslask\html\loggar\roq\GIFFILES\00069.gif --> www10.torget.se /anonymous/websidor/swemob/docs/loggar/roq/giffiles 00069.gif
97.08.16 20:06 B I:\qslask\html\loggar\roq\GIFFILES\00070.gif --> www10.torget.se /anonymous/websidor/swemob/docs/loggar/roq/giffiles 00070.gif
97.08.16 20:06 B I:\qslask\html\loggar\roq\GIFFILES\00071.gif --> www10.torget.se /anonymous/websidor/swemob/docs/loggar/roq/giffiles 00071.gif
97.08.16 20:06 B I:\qslask\html\loggar\roq\GIFFILES\00072.gif --> www10.torget.se /anonymous/websidor/swemob/docs/loggar/roq/giffiles 00072.gif
97.08.16 20:06 B I:\qslask\html\loggar\roq\GIFFILES\00073.gif --> www10.torget.se /anonymous/websidor/swemob/docs/loggar/roq/giffiles 00073.gif
97.08.16 20:06 B I:\qslask\html\loggar\roq\GIFFILES\00074.gif --> www10.torget.se /anonymous/websidor/swemob/docs/loggar/roq/giffiles 00074.gif
97.08.16 20:06 B I:\qslask\html\loggar\roq\GIFFILES\00075.gif --> www10.torget.se /anonymous/websidor/swemob/docs/loggar/roq/giffiles 00075.gif
97.08.16 20:06 B I:\qslask\html\loggar\roq\GIFFILES\00076.gif --> www10.torget.se /anonymous/websidor/swemob/docs/loggar/roq/giffiles 00076.gif
97.08.16 20:07 B I:\qslask\html\loggar\roq\GIFFILES\00077.gif --> www10.torget.se /anonymous/websidor/swemob/docs/loggar/roq/giffiles 00077.gif
97.08.16 20:07 B I:\qslask\html\loggar\roq\GIFFILES\00078.gif --> www10.torget.se /anonymous/websidor/swemob/docs/loggar/roq/giffiles 00078.gif
97.08.16 20:07 B I:\qslask\html\loggar\roq\GIFFILES\00079.gif --> www10.torget.se /anonymous/websidor/swemob/docs/loggar/roq/giffiles 00079.gif
97.08.16 20:07 B I:\qslask\html\loggar\roq\GIFFILES\00080.gif --> www10.torget.se /anonymous/websidor/swemob/docs/loggar/roq/giffiles 00080.gif
97.08.16 20:07 B I:\qslask\html\loggar\roq\GIFFILES\00081.gif --> www10.torget.se /anonymous/websidor/swemob/docs/loggar/roq/giffiles 00081.gif
97.08.16 20:07 B I:\qslask\html\loggar\roq\GIFFILES\00082.gif --> www10.torget.se /anonymous/websidor/swemob/docs/loggar/roq/giffiles 00082.gif
97.08.16 20:07 B I:\qslask\html\loggar\roq\GIFFILES\00083.gif --> www10.torget.se /anonymous/websidor/swemob/docs/loggar/roq/giffiles 00083.gif
97.08.16 20:07 B I:\qslask\html\loggar\roq\GIFFILES\00084.gif --> www10.torget.se /anonymous/websidor/swemob/docs/loggar/roq/giffiles 00084.gif
97.08.16 20:07 B I:\qslask\html\loggar\roq\GIFFILES\00085.gif --> www10.torget.se /anonymous/websidor/swemob/docs/loggar/roq/giffiles 00085.gif
97.08.16 20:07 B I:\qslask\html\loggar\roq\GIFFILES\00086.gif --> www10.torget.se /anonymous/websidor/swemob/docs/loggar/roq/giffiles 00086.gif
97.08.16 20:07 B I:\qslask\html\loggar\roq\GIFFILES\00087.gif --> www10.torget.se /anonymous/websidor/swemob/docs/loggar/roq/giffiles 00087.gif
97.08.16 20:07 B I:\qslask\html\loggar\roq\GIFFILES\00088.gif --> www10.torget.se /anonymous/websidor/swemob/docs/loggar/roq/giffiles 00088.gif
97.08.16 20:07 B I:\qslask\html\loggar\roq\GIFFILES\00089.gif --> www10.torget.se /anonymous/websidor/swemob/docs/loggar/roq/giffiles 00089.gif
97.08.16 20:07 B I:\qslask\html\loggar\roq\GIFFILES\00090.gif --> www10.torget.se /anonymous/websidor/swemob/docs/loggar/roq/giffiles 00090.gif
97.08.16 20:07 B I:\qslask\html\loggar\roq\GIFFILES\00091.gif --> www10.torget.se /anonymous/websidor/swemob/docs/loggar/roq/giffiles 00091.gif
97.08.16 20:07 B I:\qslask\html\loggar\roq\GIFFILES\00092.gif --> www10.torget.se /anonymous/websidor/swemob/docs/loggar/roq/giffiles 00092.gif
97.08.16 20:07 B I:\qslask\html\loggar\roq\GIFFILES\00093.gif --> www10.torget.se /anonymous/websidor/swemob/docs/loggar/roq/giffiles 00093.gif
97.08.16 20:07 B I:\qslask\html\loggar\roq\GIFFILES\00094.gif --> www10.torget.se /anonymous/websidor/swemob/docs/loggar/roq/giffiles 00094.gif
97.08.16 20:07 B I:\qslask\html\loggar\roq\GIFFILES\00095.gif --> www10.torget.se /anonymous/websidor/swemob/docs/loggar/roq/giffiles 00095.gif
97.08.16 20:07 B I:\qslask\html\loggar\roq\GIFFILES\00096.gif --> www10.torget.se /anonymous/websidor/swemob/docs/loggar/roq/giffiles 00096.gif
97.08.16 20:07 B I:\qslask\html\loggar\roq\GIFFILES\00097.gif --> www10.torget.se /anonymous/websidor/swemob/docs/loggar/roq/giffiles 00097.gif
97.08.16 20:07 B I:\qslask\html\loggar\roq\GIFFILES\00098.gif --> www10.torget.se /anonymous/websidor/swemob/docs/loggar/roq/giffiles 00098.gif
97.08.16 20:07 B I:\qslask\html\loggar\roq\GIFFILES\00099.gif --> www10.torget.se /anonymous/websidor/swemob/docs/loggar/roq/giffiles 00099.gif
97.08.16 20:07 B I:\qslask\html\loggar\roq\GIFFILES\00100.gif --> www10.torget.se /anonymous/websidor/swemob/docs/loggar/roq/giffiles 00100.gif
97.08.16 20:07 B I:\qslask\html\loggar\roq\GIFFILES\00101.gif --> www10.torget.se /anonymous/websidor/swemob/docs/loggar/roq/giffiles 00101.gif
97.08.16 20:07 B I:\qslask\html\loggar\roq\GIFFILES\00102.gif --> www10.torget.se /anonymous/websidor/swemob/docs/loggar/roq/giffiles 00102.gif
97.08.16 20:07 B I:\qslask\html\loggar\roq\GIFFILES\00103.gif --> www10.torget.se /anonymous/websidor/swemob/docs/loggar/roq/giffiles 00103.gif
97.08.16 20:07 B I:\qslask\html\loggar\roq\GIFFILES\00104.gif --> www10.torget.se /anonymous/websidor/swemob/docs/loggar/roq/giffiles 00104.gif
97.08.16 20:07 B I:\qslask\html\loggar\roq\GIFFILES\00105.gif --> www10.torget.se /anonymous/websidor/swemob/docs/loggar/roq/giffiles 00105.gif
97.08.16 20:07 B I:\qslask\html\loggar\roq\GIFFILES\00106.gif --> www10.torget.se /anonymous/websidor/swemob/docs/loggar/roq/giffiles 00106.gif
97.08.16 20:07 B I:\qslask\html\loggar\roq\GIFFILES\00107.gif --> www10.torget.se /anonymous/websidor/swemob/docs/loggar/roq/giffiles 00107.gif
97.08.16 20:07 B I:\qslask\html\loggar\roq\GIFFILES\00108.gif --> www10.torget.se /anonymous/websidor/swemob/docs/loggar/roq/giffiles 00108.gif
97.08.16 20:07 B I:\qslask\html\loggar\roq\GIFFILES\00109.gif --> www10.torget.se /anonymous/websidor/swemob/docs/loggar/roq/giffiles 00109.gif
97.08.16 20:07 B I:\qslask\html\loggar\roq\GIFFILES\00110.gif --> www10.torget.se /anonymous/websidor/swemob/docs/loggar/roq/giffiles 00110.gif
97.08.16 20:07 B I:\qslask\html\loggar\roq\GIFFILES\00111.gif --> www10.torget.se /anonymous/websidor/swemob/docs/loggar/roq/giffiles 00111.gif
97.08.16 20:07 B I:\qslask\html\loggar\roq\GIFFILES\00112.gif --> www10.torget.se /anonymous/websidor/swemob/docs/loggar/roq/giffiles 00112.gif
97.08.16 20:07 B I:\qslask\html\loggar\roq\GIFFILES\00113.gif --> www10.torget.se /anonymous/websidor/swemob/docs/loggar/roq/giffiles 00113.gif
97.08.16 20:07 B I:\qslask\html\loggar\roq\GIFFILES\00114.gif --> www10.torget.se /anonymous/websidor/swemob/docs/loggar/roq/giffiles 00114.gif
97.08.16 20:07 B I:\qslask\html\loggar\roq\GIFFILES\00115.gif --> www10.torget.se /anonymous/websidor/swemob/docs/loggar/roq/giffiles 00115.gif
97.08.16 20:07 B I:\qslask\html\loggar\roq\GIFFILES\00116.gif --> www10.torget.se /anonymous/websidor/swemob/docs/loggar/roq/giffiles 00116.gif
97.08.16 20:07 B I:\qslask\html\loggar\roq\GIFFILES\00117.gif --> www10.torget.se /anonymous/websidor/swemob/docs/loggar/roq/giffiles 00117.gif
97.08.16 20:07 B I:\qslask\html\loggar\roq\GIFFILES\00118.gif --> www10.torget.se /anonymous/websidor/swemob/docs/loggar/roq/giffiles 00118.gif
97.08.16 20:07 B I:\qslask\html\loggar\roq\GIFFILES\00119.gif --> www10.torget.se /anonymous/websidor/swemob/docs/loggar/roq/giffiles 00119.gif
97.08.16 20:07 B I:\qslask\html\loggar\roq\GIFFILES\BACK.GIF --> www10.torget.se /anonymous/websidor/swemob/docs/loggar/roq/giffiles BACK.GIF
