97.08.12 18:36 B I:\qslask\html\loggar\blim\html\00010000.htm --> home2.swipnet.se /html/loggar/blim/html 00010000.htm
97.08.12 18:36 B I:\qslask\html\loggar\blim\html\00010001.htm --> home2.swipnet.se /html/loggar/blim/html 00010001.htm
97.08.12 18:36 B I:\qslask\html\loggar\blim\html\00010002.htm --> home2.swipnet.se /html/loggar/blim/html 00010002.htm
97.08.12 18:36 B I:\qslask\html\loggar\blim\html\00010003.htm --> home2.swipnet.se /html/loggar/blim/html 00010003.htm
97.08.12 18:36 B I:\qslask\html\loggar\blim\html\00010004.htm --> home2.swipnet.se /html/loggar/blim/html 00010004.htm
97.08.12 18:37 B I:\qslask\html\loggar\blim\html\00010005.htm --> home2.swipnet.se /html/loggar/blim/html 00010005.htm
97.08.12 18:37 B I:\qslask\html\loggar\blim\html\00010006.htm --> home2.swipnet.se /html/loggar/blim/html 00010006.htm
97.08.12 18:37 B I:\qslask\html\loggar\blim\html\00010007.htm --> home2.swipnet.se /html/loggar/blim/html 00010007.htm
97.08.12 18:37 B I:\qslask\html\loggar\blim\html\00020000.htm --> home2.swipnet.se /html/loggar/blim/html 00020000.htm
97.08.12 18:37 B I:\qslask\html\loggar\blim\html\00020001.htm --> home2.swipnet.se /html/loggar/blim/html 00020001.htm
97.08.12 18:37 B I:\qslask\html\loggar\blim\html\00020002.htm --> home2.swipnet.se /html/loggar/blim/html 00020002.htm
97.08.12 18:37 B I:\qslask\html\loggar\blim\html\00020003.htm --> home2.swipnet.se /html/loggar/blim/html 00020003.htm
97.08.12 18:37 B I:\qslask\html\loggar\blim\html\00020004.htm --> home2.swipnet.se /html/loggar/blim/html 00020004.htm
97.08.12 18:37 B I:\qslask\html\loggar\blim\html\00020005.htm --> home2.swipnet.se /html/loggar/blim/html 00020005.htm
97.08.12 18:37 B I:\qslask\html\loggar\blim\html\00020006.htm --> home2.swipnet.se /html/loggar/blim/html 00020006.htm
97.08.12 18:37 B I:\qslask\html\loggar\blim\html\00020007.htm --> home2.swipnet.se /html/loggar/blim/html 00020007.htm
97.08.12 18:37 B I:\qslask\html\loggar\blim\html\00149.GIF --> home2.swipnet.se /html/loggar/blim/html 00149.GIF
97.08.12 18:37 B I:\qslask\html\loggar\blim\html\com_0001.htm --> home2.swipnet.se /html/loggar/blim/html com_0001.htm
97.08.12 18:37 B I:\qslask\html\loggar\blim\html\com_0002.htm --> home2.swipnet.se /html/loggar/blim/html com_0002.htm
97.08.12 18:37 B I:\qslask\html\loggar\blim\html\index.htm --> home2.swipnet.se /html/loggar/blim/html index.htm
97.08.12 18:37 B I:\qslask\html\loggar\blim\html\map_0001.htm --> home2.swipnet.se /html/loggar/blim/html map_0001.htm
97.08.12 18:37 B I:\qslask\html\loggar\blim\html\map_0002.htm --> home2.swipnet.se /html/loggar/blim/html map_0002.htm
97.08.16 19:50 B I:\qslask\html\loggar\blim\html\00010000.htm --> www10.torget.se /anonymous/websidor/swemob/docs/loggar/blim/html 00010000.htm
97.08.16 19:50 B I:\qslask\html\loggar\blim\html\00010001.htm --> www10.torget.se /anonymous/websidor/swemob/docs/loggar/blim/html 00010001.htm
97.08.16 19:50 B I:\qslask\html\loggar\blim\html\00010002.htm --> www10.torget.se /anonymous/websidor/swemob/docs/loggar/blim/html 00010002.htm
97.08.16 19:50 B I:\qslask\html\loggar\blim\html\00010003.htm --> www10.torget.se /anonymous/websidor/swemob/docs/loggar/blim/html 00010003.htm
97.08.16 19:50 B I:\qslask\html\loggar\blim\html\00010004.htm --> www10.torget.se /anonymous/websidor/swemob/docs/loggar/blim/html 00010004.htm
97.08.16 19:50 B I:\qslask\html\loggar\blim\html\00010005.htm --> www10.torget.se /anonymous/websidor/swemob/docs/loggar/blim/html 00010005.htm
97.08.16 19:50 B I:\qslask\html\loggar\blim\html\00010006.htm --> www10.torget.se /anonymous/websidor/swemob/docs/loggar/blim/html 00010006.htm
97.08.16 19:50 B I:\qslask\html\loggar\blim\html\00010007.htm --> www10.torget.se /anonymous/websidor/swemob/docs/loggar/blim/html 00010007.htm
97.08.16 19:50 B I:\qslask\html\loggar\blim\html\00020000.htm --> www10.torget.se /anonymous/websidor/swemob/docs/loggar/blim/html 00020000.htm
97.08.16 19:50 B I:\qslask\html\loggar\blim\html\00020001.htm --> www10.torget.se /anonymous/websidor/swemob/docs/loggar/blim/html 00020001.htm
97.08.16 19:50 B I:\qslask\html\loggar\blim\html\00020002.htm --> www10.torget.se /anonymous/websidor/swemob/docs/loggar/blim/html 00020002.htm
97.08.16 19:50 B I:\qslask\html\loggar\blim\html\00020003.htm --> www10.torget.se /anonymous/websidor/swemob/docs/loggar/blim/html 00020003.htm
97.08.16 19:50 B I:\qslask\html\loggar\blim\html\00020004.htm --> www10.torget.se /anonymous/websidor/swemob/docs/loggar/blim/html 00020004.htm
97.08.16 19:50 B I:\qslask\html\loggar\blim\html\00020005.htm --> www10.torget.se /anonymous/websidor/swemob/docs/loggar/blim/html 00020005.htm
97.08.16 19:50 B I:\qslask\html\loggar\blim\html\00020006.htm --> www10.torget.se /anonymous/websidor/swemob/docs/loggar/blim/html 00020006.htm
97.08.16 19:50 B I:\qslask\html\loggar\blim\html\00020007.htm --> www10.torget.se /anonymous/websidor/swemob/docs/loggar/blim/html 00020007.htm
97.08.16 19:50 B I:\qslask\html\loggar\blim\html\00149.GIF --> www10.torget.se /anonymous/websidor/swemob/docs/loggar/blim/html 00149.GIF
97.08.16 19:51 B I:\qslask\html\loggar\blim\html\com_0001.htm --> www10.torget.se /anonymous/websidor/swemob/docs/loggar/blim/html com_0001.htm
97.08.16 19:51 B I:\qslask\html\loggar\blim\html\com_0002.htm --> www10.torget.se /anonymous/websidor/swemob/docs/loggar/blim/html com_0002.htm
97.08.16 19:51 B I:\qslask\html\loggar\blim\html\index.htm --> www10.torget.se /anonymous/websidor/swemob/docs/loggar/blim/html index.htm
97.08.16 19:51 B I:\qslask\html\loggar\blim\html\map_0001.htm --> www10.torget.se /anonymous/websidor/swemob/docs/loggar/blim/html map_0001.htm
97.08.16 19:51 B I:\qslask\html\loggar\blim\html\map_0002.htm --> www10.torget.se /anonymous/websidor/swemob/docs/loggar/blim/html map_0002.htm
