97.06.29 14:45 B I:\qslask\html\loggar\roq\html\00010000.htm --> home2.swipnet.se /html/loggar/roq/html 00010000.htm
97.06.29 14:45 B I:\qslask\html\loggar\roq\html\00010001.htm --> home2.swipnet.se /html/loggar/roq/html 00010001.htm
97.06.29 14:45 B I:\qslask\html\loggar\roq\html\00010002.htm --> home2.swipnet.se /html/loggar/roq/html 00010002.htm
97.06.29 14:45 B I:\qslask\html\loggar\roq\html\00010003.htm --> home2.swipnet.se /html/loggar/roq/html 00010003.htm
97.06.29 14:45 B I:\qslask\html\loggar\roq\html\00010004.htm --> home2.swipnet.se /html/loggar/roq/html 00010004.htm
97.06.29 14:45 B I:\qslask\html\loggar\roq\html\00010005.htm --> home2.swipnet.se /html/loggar/roq/html 00010005.htm
97.06.29 14:46 B I:\qslask\html\loggar\roq\html\00010006.htm --> home2.swipnet.se /html/loggar/roq/html 00010006.htm
97.06.29 14:46 B I:\qslask\html\loggar\roq\html\00010007.htm --> home2.swipnet.se /html/loggar/roq/html 00010007.htm
97.06.29 14:46 B I:\qslask\html\loggar\roq\html\00020000.htm --> home2.swipnet.se /html/loggar/roq/html 00020000.htm
97.06.29 14:46 B I:\qslask\html\loggar\roq\html\00020001.htm --> home2.swipnet.se /html/loggar/roq/html 00020001.htm
97.06.29 14:46 B I:\qslask\html\loggar\roq\html\00020002.htm --> home2.swipnet.se /html/loggar/roq/html 00020002.htm
97.06.29 14:46 B I:\qslask\html\loggar\roq\html\00020003.htm --> home2.swipnet.se /html/loggar/roq/html 00020003.htm
97.06.29 14:46 B I:\qslask\html\loggar\roq\html\00020004.htm --> home2.swipnet.se /html/loggar/roq/html 00020004.htm
97.06.29 14:46 B I:\qslask\html\loggar\roq\html\00020005.htm --> home2.swipnet.se /html/loggar/roq/html 00020005.htm
97.06.29 14:46 B I:\qslask\html\loggar\roq\html\00020006.htm --> home2.swipnet.se /html/loggar/roq/html 00020006.htm
97.06.29 14:46 B I:\qslask\html\loggar\roq\html\00020007.htm --> home2.swipnet.se /html/loggar/roq/html 00020007.htm
97.06.29 14:46 B I:\qslask\html\loggar\roq\html\com_0001.htm --> home2.swipnet.se /html/loggar/roq/html com_0001.htm
97.06.29 14:46 B I:\qslask\html\loggar\roq\html\com_0002.htm --> home2.swipnet.se /html/loggar/roq/html com_0002.htm
97.06.29 14:46 B I:\qslask\html\loggar\roq\html\index.htm --> home2.swipnet.se /html/loggar/roq/html index.htm
97.06.29 14:46 B I:\qslask\html\loggar\roq\html\map_0001.htm --> home2.swipnet.se /html/loggar/roq/html map_0001.htm
97.06.29 14:46 B I:\qslask\html\loggar\roq\html\map_0002.htm --> home2.swipnet.se /html/loggar/roq/html map_0002.htm
97.08.16 19:59 B I:\qslask\html\loggar\roq\html\00010000.htm --> www10.torget.se /anonymous/websidor/swemob/docs/loggar/roq/html 00010000.htm
97.08.16 19:59 B I:\qslask\html\loggar\roq\html\00010001.htm --> www10.torget.se /anonymous/websidor/swemob/docs/loggar/roq/html 00010001.htm
97.08.16 19:59 B I:\qslask\html\loggar\roq\html\00010002.htm --> www10.torget.se /anonymous/websidor/swemob/docs/loggar/roq/html 00010002.htm
97.08.16 19:59 B I:\qslask\html\loggar\roq\html\00010003.htm --> www10.torget.se /anonymous/websidor/swemob/docs/loggar/roq/html 00010003.htm
97.08.16 19:59 B I:\qslask\html\loggar\roq\html\00010004.htm --> www10.torget.se /anonymous/websidor/swemob/docs/loggar/roq/html 00010004.htm
97.08.16 19:59 B I:\qslask\html\loggar\roq\html\00010005.htm --> www10.torget.se /anonymous/websidor/swemob/docs/loggar/roq/html 00010005.htm
97.08.16 19:59 B I:\qslask\html\loggar\roq\html\00010006.htm --> www10.torget.se /anonymous/websidor/swemob/docs/loggar/roq/html 00010006.htm
97.08.16 19:59 B I:\qslask\html\loggar\roq\html\00010007.htm --> www10.torget.se /anonymous/websidor/swemob/docs/loggar/roq/html 00010007.htm
97.08.16 19:59 B I:\qslask\html\loggar\roq\html\00020000.htm --> www10.torget.se /anonymous/websidor/swemob/docs/loggar/roq/html 00020000.htm
97.08.16 19:59 B I:\qslask\html\loggar\roq\html\00020001.htm --> www10.torget.se /anonymous/websidor/swemob/docs/loggar/roq/html 00020001.htm
97.08.16 19:59 B I:\qslask\html\loggar\roq\html\00020002.htm --> www10.torget.se /anonymous/websidor/swemob/docs/loggar/roq/html 00020002.htm
97.08.16 19:59 B I:\qslask\html\loggar\roq\html\00020003.htm --> www10.torget.se /anonymous/websidor/swemob/docs/loggar/roq/html 00020003.htm
97.08.16 19:59 B I:\qslask\html\loggar\roq\html\00020004.htm --> www10.torget.se /anonymous/websidor/swemob/docs/loggar/roq/html 00020004.htm
97.08.16 19:59 B I:\qslask\html\loggar\roq\html\00020005.htm --> www10.torget.se /anonymous/websidor/swemob/docs/loggar/roq/html 00020005.htm
97.08.16 19:59 B I:\qslask\html\loggar\roq\html\00020006.htm --> www10.torget.se /anonymous/websidor/swemob/docs/loggar/roq/html 00020006.htm
97.08.16 19:59 B I:\qslask\html\loggar\roq\html\00020007.htm --> www10.torget.se /anonymous/websidor/swemob/docs/loggar/roq/html 00020007.htm
97.08.16 19:59 B I:\qslask\html\loggar\roq\html\com_0001.htm --> www10.torget.se /anonymous/websidor/swemob/docs/loggar/roq/html com_0001.htm
97.08.16 19:59 B I:\qslask\html\loggar\roq\html\com_0002.htm --> www10.torget.se /anonymous/websidor/swemob/docs/loggar/roq/html com_0002.htm
97.08.16 19:59 B I:\qslask\html\loggar\roq\html\index.htm --> www10.torget.se /anonymous/websidor/swemob/docs/loggar/roq/html index.htm
97.08.16 19:59 B I:\qslask\html\loggar\roq\html\map_0001.htm --> www10.torget.se /anonymous/websidor/swemob/docs/loggar/roq/html map_0001.htm
97.08.16 19:59 B I:\qslask\html\loggar\roq\html\map_0002.htm --> www10.torget.se /anonymous/websidor/swemob/docs/loggar/roq/html map_0002.htm
