97.08.12 18:31 B I:\qslask\html\loggar\blim\giffiles\00000.gif --> home2.swipnet.se /html/loggar/blim/giffiles 00000.gif
97.08.12 18:31 B I:\qslask\html\loggar\blim\giffiles\00001.gif --> home2.swipnet.se /html/loggar/blim/giffiles 00001.gif
97.08.12 18:31 B I:\qslask\html\loggar\blim\giffiles\00002.gif --> home2.swipnet.se /html/loggar/blim/giffiles 00002.gif
97.08.12 18:31 B I:\qslask\html\loggar\blim\giffiles\00003.gif --> home2.swipnet.se /html/loggar/blim/giffiles 00003.gif
97.08.12 18:31 B I:\qslask\html\loggar\blim\giffiles\00004.gif --> home2.swipnet.se /html/loggar/blim/giffiles 00004.gif
97.08.12 18:31 B I:\qslask\html\loggar\blim\giffiles\00005.gif --> home2.swipnet.se /html/loggar/blim/giffiles 00005.gif
97.08.12 18:31 B I:\qslask\html\loggar\blim\giffiles\00006.gif --> home2.swipnet.se /html/loggar/blim/giffiles 00006.gif
97.08.12 18:31 B I:\qslask\html\loggar\blim\giffiles\00007.gif --> home2.swipnet.se /html/loggar/blim/giffiles 00007.gif
97.08.12 18:31 B I:\qslask\html\loggar\blim\giffiles\00008.gif --> home2.swipnet.se /html/loggar/blim/giffiles 00008.gif
97.08.12 18:31 B I:\qslask\html\loggar\blim\giffiles\00009.gif --> home2.swipnet.se /html/loggar/blim/giffiles 00009.gif
97.08.12 18:31 B I:\qslask\html\loggar\blim\giffiles\00010.gif --> home2.swipnet.se /html/loggar/blim/giffiles 00010.gif
97.08.12 18:31 B I:\qslask\html\loggar\blim\giffiles\00011.gif --> home2.swipnet.se /html/loggar/blim/giffiles 00011.gif
97.08.12 18:31 B I:\qslask\html\loggar\blim\giffiles\00012.gif --> home2.swipnet.se /html/loggar/blim/giffiles 00012.gif
97.08.12 18:31 B I:\qslask\html\loggar\blim\giffiles\00013.gif --> home2.swipnet.se /html/loggar/blim/giffiles 00013.gif
97.08.12 18:31 B I:\qslask\html\loggar\blim\giffiles\00014.gif --> home2.swipnet.se /html/loggar/blim/giffiles 00014.gif
97.08.12 18:31 B I:\qslask\html\loggar\blim\giffiles\00015.gif --> home2.swipnet.se /html/loggar/blim/giffiles 00015.gif
97.08.12 18:33 B I:\qslask\html\loggar\blim\giffiles\00000.gif --> home2.swipnet.se /html/loggar/blim/giffiles 00000.gif
97.08.12 18:33 B I:\qslask\html\loggar\blim\giffiles\00001.gif --> home2.swipnet.se /html/loggar/blim/giffiles 00001.gif
97.08.12 18:33 B I:\qslask\html\loggar\blim\giffiles\00002.gif --> home2.swipnet.se /html/loggar/blim/giffiles 00002.gif
97.08.12 18:33 B I:\qslask\html\loggar\blim\giffiles\00003.gif --> home2.swipnet.se /html/loggar/blim/giffiles 00003.gif
97.08.12 18:33 B I:\qslask\html\loggar\blim\giffiles\00004.gif --> home2.swipnet.se /html/loggar/blim/giffiles 00004.gif
97.08.12 18:33 B I:\qslask\html\loggar\blim\giffiles\00005.gif --> home2.swipnet.se /html/loggar/blim/giffiles 00005.gif
97.08.12 18:33 B I:\qslask\html\loggar\blim\giffiles\00006.gif --> home2.swipnet.se /html/loggar/blim/giffiles 00006.gif
97.08.12 18:33 B I:\qslask\html\loggar\blim\giffiles\00007.gif --> home2.swipnet.se /html/loggar/blim/giffiles 00007.gif
97.08.12 18:33 B I:\qslask\html\loggar\blim\giffiles\00008.gif --> home2.swipnet.se /html/loggar/blim/giffiles 00008.gif
97.08.12 18:33 B I:\qslask\html\loggar\blim\giffiles\00009.gif --> home2.swipnet.se /html/loggar/blim/giffiles 00009.gif
97.08.12 18:33 B I:\qslask\html\loggar\blim\giffiles\00010.gif --> home2.swipnet.se /html/loggar/blim/giffiles 00010.gif
97.08.12 18:33 B I:\qslask\html\loggar\blim\giffiles\00011.gif --> home2.swipnet.se /html/loggar/blim/giffiles 00011.gif
97.08.12 18:33 B I:\qslask\html\loggar\blim\giffiles\00012.gif --> home2.swipnet.se /html/loggar/blim/giffiles 00012.gif
97.08.12 18:33 B I:\qslask\html\loggar\blim\giffiles\00013.gif --> home2.swipnet.se /html/loggar/blim/giffiles 00013.gif
97.08.12 18:33 B I:\qslask\html\loggar\blim\giffiles\00014.gif --> home2.swipnet.se /html/loggar/blim/giffiles 00014.gif
97.08.12 18:33 B I:\qslask\html\loggar\blim\giffiles\00015.gif --> home2.swipnet.se /html/loggar/blim/giffiles 00015.gif
97.08.12 18:33 B I:\qslask\html\loggar\blim\giffiles\00016.gif --> home2.swipnet.se /html/loggar/blim/giffiles 00016.gif
97.08.12 18:33 B I:\qslask\html\loggar\blim\giffiles\00017.gif --> home2.swipnet.se /html/loggar/blim/giffiles 00017.gif
97.08.12 18:33 B I:\qslask\html\loggar\blim\giffiles\00018.gif --> home2.swipnet.se /html/loggar/blim/giffiles 00018.gif
97.08.12 18:33 B I:\qslask\html\loggar\blim\giffiles\00019.gif --> home2.swipnet.se /html/loggar/blim/giffiles 00019.gif
97.08.12 18:34 B I:\qslask\html\loggar\blim\giffiles\00020.gif --> home2.swipnet.se /html/loggar/blim/giffiles 00020.gif
97.08.12 18:34 B I:\qslask\html\loggar\blim\giffiles\00021.gif --> home2.swipnet.se /html/loggar/blim/giffiles 00021.gif
97.08.12 18:34 B I:\qslask\html\loggar\blim\giffiles\00022.gif --> home2.swipnet.se /html/loggar/blim/giffiles 00022.gif
97.08.12 18:34 B I:\qslask\html\loggar\blim\giffiles\00023.gif --> home2.swipnet.se /html/loggar/blim/giffiles 00023.gif
97.08.12 18:34 B I:\qslask\html\loggar\blim\giffiles\00024.gif --> home2.swipnet.se /html/loggar/blim/giffiles 00024.gif
97.08.12 18:34 B I:\qslask\html\loggar\blim\giffiles\00025.gif --> home2.swipnet.se /html/loggar/blim/giffiles 00025.gif
97.08.12 18:34 B I:\qslask\html\loggar\blim\giffiles\00026.gif --> home2.swipnet.se /html/loggar/blim/giffiles 00026.gif
97.08.12 18:34 B I:\qslask\html\loggar\blim\giffiles\00027.gif --> home2.swipnet.se /html/loggar/blim/giffiles 00027.gif
97.08.12 18:34 B I:\qslask\html\loggar\blim\giffiles\00028.gif --> home2.swipnet.se /html/loggar/blim/giffiles 00028.gif
97.08.12 18:34 B I:\qslask\html\loggar\blim\giffiles\00029.gif --> home2.swipnet.se /html/loggar/blim/giffiles 00029.gif
97.08.12 18:34 B I:\qslask\html\loggar\blim\giffiles\00030.gif --> home2.swipnet.se /html/loggar/blim/giffiles 00030.gif
97.08.12 18:34 B I:\qslask\html\loggar\blim\giffiles\00031.gif --> home2.swipnet.se /html/loggar/blim/giffiles 00031.gif
97.08.12 18:34 B I:\qslask\html\loggar\blim\giffiles\00032.gif --> home2.swipnet.se /html/loggar/blim/giffiles 00032.gif
97.08.12 18:34 B I:\qslask\html\loggar\blim\giffiles\00033.gif --> home2.swipnet.se /html/loggar/blim/giffiles 00033.gif
97.08.12 18:34 B I:\qslask\html\loggar\blim\giffiles\00034.gif --> home2.swipnet.se /html/loggar/blim/giffiles 00034.gif
97.08.12 18:34 B I:\qslask\html\loggar\blim\giffiles\00035.gif --> home2.swipnet.se /html/loggar/blim/giffiles 00035.gif
97.08.12 18:34 B I:\qslask\html\loggar\blim\giffiles\00036.gif --> home2.swipnet.se /html/loggar/blim/giffiles 00036.gif
97.08.12 18:34 B I:\qslask\html\loggar\blim\giffiles\00037.gif --> home2.swipnet.se /html/loggar/blim/giffiles 00037.gif
97.08.12 18:34 B I:\qslask\html\loggar\blim\giffiles\00038.gif --> home2.swipnet.se /html/loggar/blim/giffiles 00038.gif
97.08.12 18:34 B I:\qslask\html\loggar\blim\giffiles\00039.gif --> home2.swipnet.se /html/loggar/blim/giffiles 00039.gif
97.08.12 18:34 B I:\qslask\html\loggar\blim\giffiles\00040.gif --> home2.swipnet.se /html/loggar/blim/giffiles 00040.gif
97.08.12 18:34 B I:\qslask\html\loggar\blim\giffiles\00041.gif --> home2.swipnet.se /html/loggar/blim/giffiles 00041.gif
97.08.12 18:34 B I:\qslask\html\loggar\blim\giffiles\00042.gif --> home2.swipnet.se /html/loggar/blim/giffiles 00042.gif
97.08.12 18:34 B I:\qslask\html\loggar\blim\giffiles\00043.gif --> home2.swipnet.se /html/loggar/blim/giffiles 00043.gif
97.08.12 18:34 B I:\qslask\html\loggar\blim\giffiles\00044.gif --> home2.swipnet.se /html/loggar/blim/giffiles 00044.gif
97.08.12 18:34 B I:\qslask\html\loggar\blim\giffiles\00045.gif --> home2.swipnet.se /html/loggar/blim/giffiles 00045.gif
97.08.12 18:34 B I:\qslask\html\loggar\blim\giffiles\00046.gif --> home2.swipnet.se /html/loggar/blim/giffiles 00046.gif
97.08.12 18:34 B I:\qslask\html\loggar\blim\giffiles\00047.gif --> home2.swipnet.se /html/loggar/blim/giffiles 00047.gif
97.08.12 18:34 B I:\qslask\html\loggar\blim\giffiles\00048.gif --> home2.swipnet.se /html/loggar/blim/giffiles 00048.gif
97.08.12 18:34 B I:\qslask\html\loggar\blim\giffiles\00049.gif --> home2.swipnet.se /html/loggar/blim/giffiles 00049.gif
97.08.12 18:34 B I:\qslask\html\loggar\blim\giffiles\00050.gif --> home2.swipnet.se /html/loggar/blim/giffiles 00050.gif
97.08.12 18:34 B I:\qslask\html\loggar\blim\giffiles\00051.gif --> home2.swipnet.se /html/loggar/blim/giffiles 00051.gif
97.08.12 18:34 B I:\qslask\html\loggar\blim\giffiles\00052.gif --> home2.swipnet.se /html/loggar/blim/giffiles 00052.gif
97.08.12 18:34 B I:\qslask\html\loggar\blim\giffiles\00053.gif --> home2.swipnet.se /html/loggar/blim/giffiles 00053.gif
97.08.12 18:34 B I:\qslask\html\loggar\blim\giffiles\00054.gif --> home2.swipnet.se /html/loggar/blim/giffiles 00054.gif
97.08.12 18:34 B I:\qslask\html\loggar\blim\giffiles\00055.gif --> home2.swipnet.se /html/loggar/blim/giffiles 00055.gif
97.08.12 18:34 B I:\qslask\html\loggar\blim\giffiles\00056.gif --> home2.swipnet.se /html/loggar/blim/giffiles 00056.gif
97.08.12 18:34 B I:\qslask\html\loggar\blim\giffiles\00057.gif --> home2.swipnet.se /html/loggar/blim/giffiles 00057.gif
97.08.12 18:34 B I:\qslask\html\loggar\blim\giffiles\00058.gif --> home2.swipnet.se /html/loggar/blim/giffiles 00058.gif
97.08.12 18:34 B I:\qslask\html\loggar\blim\giffiles\00059.gif --> home2.swipnet.se /html/loggar/blim/giffiles 00059.gif
97.08.12 18:34 B I:\qslask\html\loggar\blim\giffiles\00060.gif --> home2.swipnet.se /html/loggar/blim/giffiles 00060.gif
97.08.12 18:34 B I:\qslask\html\loggar\blim\giffiles\00061.gif --> home2.swipnet.se /html/loggar/blim/giffiles 00061.gif
97.08.12 18:34 B I:\qslask\html\loggar\blim\giffiles\00062.gif --> home2.swipnet.se /html/loggar/blim/giffiles 00062.gif
97.08.12 18:34 B I:\qslask\html\loggar\blim\giffiles\00063.gif --> home2.swipnet.se /html/loggar/blim/giffiles 00063.gif
97.08.12 18:34 B I:\qslask\html\loggar\blim\giffiles\00064.gif --> home2.swipnet.se /html/loggar/blim/giffiles 00064.gif
97.08.12 18:34 B I:\qslask\html\loggar\blim\giffiles\00065.gif --> home2.swipnet.se /html/loggar/blim/giffiles 00065.gif
97.08.12 18:34 B I:\qslask\html\loggar\blim\giffiles\00066.gif --> home2.swipnet.se /html/loggar/blim/giffiles 00066.gif
97.08.12 18:34 B I:\qslask\html\loggar\blim\giffiles\00067.gif --> home2.swipnet.se /html/loggar/blim/giffiles 00067.gif
97.08.12 18:34 B I:\qslask\html\loggar\blim\giffiles\00068.gif --> home2.swipnet.se /html/loggar/blim/giffiles 00068.gif
97.08.12 18:34 B I:\qslask\html\loggar\blim\giffiles\00069.gif --> home2.swipnet.se /html/loggar/blim/giffiles 00069.gif
97.08.12 18:34 B I:\qslask\html\loggar\blim\giffiles\00070.gif --> home2.swipnet.se /html/loggar/blim/giffiles 00070.gif
97.08.12 18:34 B I:\qslask\html\loggar\blim\giffiles\00071.gif --> home2.swipnet.se /html/loggar/blim/giffiles 00071.gif
97.08.12 18:34 B I:\qslask\html\loggar\blim\giffiles\00072.gif --> home2.swipnet.se /html/loggar/blim/giffiles 00072.gif
97.08.12 18:34 B I:\qslask\html\loggar\blim\giffiles\00073.gif --> home2.swipnet.se /html/loggar/blim/giffiles 00073.gif
97.08.12 18:34 B I:\qslask\html\loggar\blim\giffiles\00074.gif --> home2.swipnet.se /html/loggar/blim/giffiles 00074.gif
97.08.12 18:34 B I:\qslask\html\loggar\blim\giffiles\00075.gif --> home2.swipnet.se /html/loggar/blim/giffiles 00075.gif
97.08.12 18:35 B I:\qslask\html\loggar\blim\giffiles\00076.gif --> home2.swipnet.se /html/loggar/blim/giffiles 00076.gif
97.08.12 18:35 B I:\qslask\html\loggar\blim\giffiles\00077.gif --> home2.swipnet.se /html/loggar/blim/giffiles 00077.gif
97.08.12 18:35 B I:\qslask\html\loggar\blim\giffiles\00078.gif --> home2.swipnet.se /html/loggar/blim/giffiles 00078.gif
97.08.12 18:35 B I:\qslask\html\loggar\blim\giffiles\00079.gif --> home2.swipnet.se /html/loggar/blim/giffiles 00079.gif
97.08.12 18:35 B I:\qslask\html\loggar\blim\giffiles\00080.gif --> home2.swipnet.se /html/loggar/blim/giffiles 00080.gif
97.08.12 18:35 B I:\qslask\html\loggar\blim\giffiles\00081.gif --> home2.swipnet.se /html/loggar/blim/giffiles 00081.gif
97.08.12 18:35 B I:\qslask\html\loggar\blim\giffiles\00082.gif --> home2.swipnet.se /html/loggar/blim/giffiles 00082.gif
97.08.12 18:35 B I:\qslask\html\loggar\blim\giffiles\00083.gif --> home2.swipnet.se /html/loggar/blim/giffiles 00083.gif
97.08.12 18:35 B I:\qslask\html\loggar\blim\giffiles\00084.gif --> home2.swipnet.se /html/loggar/blim/giffiles 00084.gif
97.08.12 18:35 B I:\qslask\html\loggar\blim\giffiles\00085.gif --> home2.swipnet.se /html/loggar/blim/giffiles 00085.gif
97.08.12 18:35 B I:\qslask\html\loggar\blim\giffiles\00086.gif --> home2.swipnet.se /html/loggar/blim/giffiles 00086.gif
97.08.12 18:35 B I:\qslask\html\loggar\blim\giffiles\00087.gif --> home2.swipnet.se /html/loggar/blim/giffiles 00087.gif
97.08.12 18:35 B I:\qslask\html\loggar\blim\giffiles\00088.gif --> home2.swipnet.se /html/loggar/blim/giffiles 00088.gif
97.08.12 18:35 B I:\qslask\html\loggar\blim\giffiles\00089.gif --> home2.swipnet.se /html/loggar/blim/giffiles 00089.gif
97.08.12 18:35 B I:\qslask\html\loggar\blim\giffiles\00090.gif --> home2.swipnet.se /html/loggar/blim/giffiles 00090.gif
97.08.12 18:35 B I:\qslask\html\loggar\blim\giffiles\00091.gif --> home2.swipnet.se /html/loggar/blim/giffiles 00091.gif
97.08.12 18:35 B I:\qslask\html\loggar\blim\giffiles\00092.gif --> home2.swipnet.se /html/loggar/blim/giffiles 00092.gif
97.08.12 18:35 B I:\qslask\html\loggar\blim\giffiles\00093.gif --> home2.swipnet.se /html/loggar/blim/giffiles 00093.gif
97.08.12 18:35 B I:\qslask\html\loggar\blim\giffiles\00094.gif --> home2.swipnet.se /html/loggar/blim/giffiles 00094.gif
97.08.12 18:35 B I:\qslask\html\loggar\blim\giffiles\00095.gif --> home2.swipnet.se /html/loggar/blim/giffiles 00095.gif
97.08.12 18:35 B I:\qslask\html\loggar\blim\giffiles\00096.gif --> home2.swipnet.se /html/loggar/blim/giffiles 00096.gif
97.08.12 18:35 B I:\qslask\html\loggar\blim\giffiles\00097.gif --> home2.swipnet.se /html/loggar/blim/giffiles 00097.gif
97.08.12 18:35 B I:\qslask\html\loggar\blim\giffiles\00098.gif --> home2.swipnet.se /html/loggar/blim/giffiles 00098.gif
97.08.12 18:35 B I:\qslask\html\loggar\blim\giffiles\00099.gif --> home2.swipnet.se /html/loggar/blim/giffiles 00099.gif
97.08.12 18:35 B I:\qslask\html\loggar\blim\giffiles\00100.gif --> home2.swipnet.se /html/loggar/blim/giffiles 00100.gif
97.08.12 18:35 B I:\qslask\html\loggar\blim\giffiles\00101.gif --> home2.swipnet.se /html/loggar/blim/giffiles 00101.gif
97.08.12 18:35 B I:\qslask\html\loggar\blim\giffiles\00102.gif --> home2.swipnet.se /html/loggar/blim/giffiles 00102.gif
97.08.12 18:35 B I:\qslask\html\loggar\blim\giffiles\00103.gif --> home2.swipnet.se /html/loggar/blim/giffiles 00103.gif
97.08.12 18:35 B I:\qslask\html\loggar\blim\giffiles\00104.gif --> home2.swipnet.se /html/loggar/blim/giffiles 00104.gif
97.08.12 18:35 B I:\qslask\html\loggar\blim\giffiles\00105.gif --> home2.swipnet.se /html/loggar/blim/giffiles 00105.gif
97.08.12 18:35 B I:\qslask\html\loggar\blim\giffiles\00106.gif --> home2.swipnet.se /html/loggar/blim/giffiles 00106.gif
97.08.12 18:35 B I:\qslask\html\loggar\blim\giffiles\00107.gif --> home2.swipnet.se /html/loggar/blim/giffiles 00107.gif
97.08.12 18:35 B I:\qslask\html\loggar\blim\giffiles\00108.gif --> home2.swipnet.se /html/loggar/blim/giffiles 00108.gif
97.08.12 18:35 B I:\qslask\html\loggar\blim\giffiles\00109.gif --> home2.swipnet.se /html/loggar/blim/giffiles 00109.gif
97.08.12 18:35 B I:\qslask\html\loggar\blim\giffiles\00110.gif --> home2.swipnet.se /html/loggar/blim/giffiles 00110.gif
97.08.12 18:35 B I:\qslask\html\loggar\blim\giffiles\00111.gif --> home2.swipnet.se /html/loggar/blim/giffiles 00111.gif
97.08.12 18:35 B I:\qslask\html\loggar\blim\giffiles\00112.gif --> home2.swipnet.se /html/loggar/blim/giffiles 00112.gif
97.08.12 18:35 B I:\qslask\html\loggar\blim\giffiles\00113.gif --> home2.swipnet.se /html/loggar/blim/giffiles 00113.gif
97.08.12 18:35 B I:\qslask\html\loggar\blim\giffiles\00114.gif --> home2.swipnet.se /html/loggar/blim/giffiles 00114.gif
97.08.12 18:35 B I:\qslask\html\loggar\blim\giffiles\00115.gif --> home2.swipnet.se /html/loggar/blim/giffiles 00115.gif
97.08.12 18:35 B I:\qslask\html\loggar\blim\giffiles\00116.gif --> home2.swipnet.se /html/loggar/blim/giffiles 00116.gif
97.08.12 18:35 B I:\qslask\html\loggar\blim\giffiles\00117.gif --> home2.swipnet.se /html/loggar/blim/giffiles 00117.gif
97.08.12 18:35 B I:\qslask\html\loggar\blim\giffiles\00118.gif --> home2.swipnet.se /html/loggar/blim/giffiles 00118.gif
97.08.12 18:35 B I:\qslask\html\loggar\blim\giffiles\00119.gif --> home2.swipnet.se /html/loggar/blim/giffiles 00119.gif
97.08.12 18:35 B I:\qslask\html\loggar\blim\giffiles\00120.gif --> home2.swipnet.se /html/loggar/blim/giffiles 00120.gif
97.08.12 18:35 B I:\qslask\html\loggar\blim\giffiles\00121.gif --> home2.swipnet.se /html/loggar/blim/giffiles 00121.gif
97.08.12 18:35 B I:\qslask\html\loggar\blim\giffiles\00122.gif --> home2.swipnet.se /html/loggar/blim/giffiles 00122.gif
97.08.12 18:35 B I:\qslask\html\loggar\blim\giffiles\00123.gif --> home2.swipnet.se /html/loggar/blim/giffiles 00123.gif
97.08.12 18:35 B I:\qslask\html\loggar\blim\giffiles\00124.gif --> home2.swipnet.se /html/loggar/blim/giffiles 00124.gif
97.08.12 18:35 B I:\qslask\html\loggar\blim\giffiles\00125.gif --> home2.swipnet.se /html/loggar/blim/giffiles 00125.gif
97.08.12 18:35 B I:\qslask\html\loggar\blim\giffiles\00126.gif --> home2.swipnet.se /html/loggar/blim/giffiles 00126.gif
97.08.12 18:35 B I:\qslask\html\loggar\blim\giffiles\00127.gif --> home2.swipnet.se /html/loggar/blim/giffiles 00127.gif
97.08.12 18:35 B I:\qslask\html\loggar\blim\giffiles\00128.gif --> home2.swipnet.se /html/loggar/blim/giffiles 00128.gif
97.08.12 18:35 B I:\qslask\html\loggar\blim\giffiles\00129.gif --> home2.swipnet.se /html/loggar/blim/giffiles 00129.gif
97.08.12 18:35 B I:\qslask\html\loggar\blim\giffiles\00130.gif --> home2.swipnet.se /html/loggar/blim/giffiles 00130.gif
97.08.12 18:35 B I:\qslask\html\loggar\blim\giffiles\00131.gif --> home2.swipnet.se /html/loggar/blim/giffiles 00131.gif
97.08.12 18:35 B I:\qslask\html\loggar\blim\giffiles\00132.gif --> home2.swipnet.se /html/loggar/blim/giffiles 00132.gif
97.08.12 18:35 B I:\qslask\html\loggar\blim\giffiles\00133.gif --> home2.swipnet.se /html/loggar/blim/giffiles 00133.gif
97.08.12 18:36 B I:\qslask\html\loggar\blim\giffiles\00134.gif --> home2.swipnet.se /html/loggar/blim/giffiles 00134.gif
97.08.12 18:36 B I:\qslask\html\loggar\blim\giffiles\00135.gif --> home2.swipnet.se /html/loggar/blim/giffiles 00135.gif
97.08.12 18:36 B I:\qslask\html\loggar\blim\giffiles\00136.gif --> home2.swipnet.se /html/loggar/blim/giffiles 00136.gif
97.08.12 18:36 B I:\qslask\html\loggar\blim\giffiles\00137.gif --> home2.swipnet.se /html/loggar/blim/giffiles 00137.gif
97.08.12 18:36 B I:\qslask\html\loggar\blim\giffiles\00138.gif --> home2.swipnet.se /html/loggar/blim/giffiles 00138.gif
97.08.12 18:36 B I:\qslask\html\loggar\blim\giffiles\00139.gif --> home2.swipnet.se /html/loggar/blim/giffiles 00139.gif
97.08.12 18:36 B I:\qslask\html\loggar\blim\giffiles\00140.gif --> home2.swipnet.se /html/loggar/blim/giffiles 00140.gif
97.08.12 18:36 B I:\qslask\html\loggar\blim\giffiles\00141.gif --> home2.swipnet.se /html/loggar/blim/giffiles 00141.gif
97.08.12 18:36 B I:\qslask\html\loggar\blim\giffiles\00142.gif --> home2.swipnet.se /html/loggar/blim/giffiles 00142.gif
97.08.12 18:36 B I:\qslask\html\loggar\blim\giffiles\00143.gif --> home2.swipnet.se /html/loggar/blim/giffiles 00143.gif
97.08.12 18:36 B I:\qslask\html\loggar\blim\giffiles\00144.gif --> home2.swipnet.se /html/loggar/blim/giffiles 00144.gif
97.08.12 18:36 B I:\qslask\html\loggar\blim\giffiles\00145.gif --> home2.swipnet.se /html/loggar/blim/giffiles 00145.gif
97.08.12 18:36 B I:\qslask\html\loggar\blim\giffiles\00146.gif --> home2.swipnet.se /html/loggar/blim/giffiles 00146.gif
97.08.12 18:36 B I:\qslask\html\loggar\blim\giffiles\00147.gif --> home2.swipnet.se /html/loggar/blim/giffiles 00147.gif
97.08.12 18:36 B I:\qslask\html\loggar\blim\giffiles\00148.gif --> home2.swipnet.se /html/loggar/blim/giffiles 00148.gif
97.08.12 18:36 B I:\qslask\html\loggar\blim\giffiles\00149.gif --> home2.swipnet.se /html/loggar/blim/giffiles 00149.gif
97.08.12 18:36 B I:\qslask\html\loggar\blim\giffiles\00150.GIF --> home2.swipnet.se /html/loggar/blim/giffiles 00150.GIF
97.08.12 18:36 B I:\qslask\html\loggar\blim\giffiles\00151.GIF --> home2.swipnet.se /html/loggar/blim/giffiles 00151.GIF
97.08.12 18:36 B I:\qslask\html\loggar\blim\giffiles\00152.GIF --> home2.swipnet.se /html/loggar/blim/giffiles 00152.GIF
97.08.12 18:36 B I:\qslask\html\loggar\blim\giffiles\00153.GIF --> home2.swipnet.se /html/loggar/blim/giffiles 00153.GIF
97.08.12 18:36 B I:\qslask\html\loggar\blim\giffiles\00154.GIF --> home2.swipnet.se /html/loggar/blim/giffiles 00154.GIF
97.08.12 18:36 B I:\qslask\html\loggar\blim\giffiles\00155.GIF --> home2.swipnet.se /html/loggar/blim/giffiles 00155.GIF
97.08.12 18:36 B I:\qslask\html\loggar\blim\giffiles\00156.GIF --> home2.swipnet.se /html/loggar/blim/giffiles 00156.GIF
97.08.12 18:36 B I:\qslask\html\loggar\blim\giffiles\00157.GIF --> home2.swipnet.se /html/loggar/blim/giffiles 00157.GIF
97.08.12 18:36 B I:\qslask\html\loggar\blim\giffiles\00158.GIF --> home2.swipnet.se /html/loggar/blim/giffiles 00158.GIF
97.08.12 18:36 B I:\qslask\html\loggar\blim\giffiles\00159.GIF --> home2.swipnet.se /html/loggar/blim/giffiles 00159.GIF
97.08.12 18:36 B I:\qslask\html\loggar\blim\giffiles\00160.GIF --> home2.swipnet.se /html/loggar/blim/giffiles 00160.GIF
97.08.12 18:36 B I:\qslask\html\loggar\blim\giffiles\00161.GIF --> home2.swipnet.se /html/loggar/blim/giffiles 00161.GIF
97.08.12 18:36 B I:\qslask\html\loggar\blim\giffiles\00162.GIF --> home2.swipnet.se /html/loggar/blim/giffiles 00162.GIF
97.08.12 18:36 B I:\qslask\html\loggar\blim\giffiles\Back.gif --> home2.swipnet.se /html/loggar/blim/giffiles Back.gif
97.08.12 18:36 B I:\qslask\html\loggar\blim\giffiles\WS_FTP.LOG --> home2.swipnet.se /html/loggar/blim/giffiles WS_FTP.LOG
97.08.16 19:47 B I:\qslask\html\loggar\blim\giffiles\00000.gif --> www10.torget.se /anonymous/websidor/swemob/docs/loggar/blim/giffiles 00000.gif
97.08.16 19:47 B I:\qslask\html\loggar\blim\giffiles\00001.gif --> www10.torget.se /anonymous/websidor/swemob/docs/loggar/blim/giffiles 00001.gif
97.08.16 19:47 B I:\qslask\html\loggar\blim\giffiles\00002.gif --> www10.torget.se /anonymous/websidor/swemob/docs/loggar/blim/giffiles 00002.gif
97.08.16 19:47 B I:\qslask\html\loggar\blim\giffiles\00003.gif --> www10.torget.se /anonymous/websidor/swemob/docs/loggar/blim/giffiles 00003.gif
97.08.16 19:47 B I:\qslask\html\loggar\blim\giffiles\00004.gif --> www10.torget.se /anonymous/websidor/swemob/docs/loggar/blim/giffiles 00004.gif
97.08.16 19:47 B I:\qslask\html\loggar\blim\giffiles\00005.gif --> www10.torget.se /anonymous/websidor/swemob/docs/loggar/blim/giffiles 00005.gif
97.08.16 19:47 B I:\qslask\html\loggar\blim\giffiles\00006.gif --> www10.torget.se /anonymous/websidor/swemob/docs/loggar/blim/giffiles 00006.gif
97.08.16 19:47 B I:\qslask\html\loggar\blim\giffiles\00007.gif --> www10.torget.se /anonymous/websidor/swemob/docs/loggar/blim/giffiles 00007.gif
97.08.16 19:47 B I:\qslask\html\loggar\blim\giffiles\00008.gif --> www10.torget.se /anonymous/websidor/swemob/docs/loggar/blim/giffiles 00008.gif
97.08.16 19:47 B I:\qslask\html\loggar\blim\giffiles\00009.gif --> www10.torget.se /anonymous/websidor/swemob/docs/loggar/blim/giffiles 00009.gif
97.08.16 19:47 B I:\qslask\html\loggar\blim\giffiles\00010.gif --> www10.torget.se /anonymous/websidor/swemob/docs/loggar/blim/giffiles 00010.gif
97.08.16 19:47 B I:\qslask\html\loggar\blim\giffiles\00011.gif --> www10.torget.se /anonymous/websidor/swemob/docs/loggar/blim/giffiles 00011.gif
97.08.16 19:47 B I:\qslask\html\loggar\blim\giffiles\00012.gif --> www10.torget.se /anonymous/websidor/swemob/docs/loggar/blim/giffiles 00012.gif
97.08.16 19:47 B I:\qslask\html\loggar\blim\giffiles\00013.gif --> www10.torget.se /anonymous/websidor/swemob/docs/loggar/blim/giffiles 00013.gif
97.08.16 19:47 B I:\qslask\html\loggar\blim\giffiles\00014.gif --> www10.torget.se /anonymous/websidor/swemob/docs/loggar/blim/giffiles 00014.gif
97.08.16 19:47 B I:\qslask\html\loggar\blim\giffiles\00015.gif --> www10.torget.se /anonymous/websidor/swemob/docs/loggar/blim/giffiles 00015.gif
97.08.16 19:47 B I:\qslask\html\loggar\blim\giffiles\00016.gif --> www10.torget.se /anonymous/websidor/swemob/docs/loggar/blim/giffiles 00016.gif
97.08.16 19:47 B I:\qslask\html\loggar\blim\giffiles\00017.gif --> www10.torget.se /anonymous/websidor/swemob/docs/loggar/blim/giffiles 00017.gif
97.08.16 19:47 B I:\qslask\html\loggar\blim\giffiles\00018.gif --> www10.torget.se /anonymous/websidor/swemob/docs/loggar/blim/giffiles 00018.gif
97.08.16 19:47 B I:\qslask\html\loggar\blim\giffiles\00019.gif --> www10.torget.se /anonymous/websidor/swemob/docs/loggar/blim/giffiles 00019.gif
97.08.16 19:47 B I:\qslask\html\loggar\blim\giffiles\00020.gif --> www10.torget.se /anonymous/websidor/swemob/docs/loggar/blim/giffiles 00020.gif
97.08.16 19:47 B I:\qslask\html\loggar\blim\giffiles\00021.gif --> www10.torget.se /anonymous/websidor/swemob/docs/loggar/blim/giffiles 00021.gif
97.08.16 19:47 B I:\qslask\html\loggar\blim\giffiles\00022.gif --> www10.torget.se /anonymous/websidor/swemob/docs/loggar/blim/giffiles 00022.gif
97.08.16 19:47 B I:\qslask\html\loggar\blim\giffiles\00023.gif --> www10.torget.se /anonymous/websidor/swemob/docs/loggar/blim/giffiles 00023.gif
97.08.16 19:47 B I:\qslask\html\loggar\blim\giffiles\00024.gif --> www10.torget.se /anonymous/websidor/swemob/docs/loggar/blim/giffiles 00024.gif
97.08.16 19:47 B I:\qslask\html\loggar\blim\giffiles\00025.gif --> www10.torget.se /anonymous/websidor/swemob/docs/loggar/blim/giffiles 00025.gif
97.08.16 19:47 B I:\qslask\html\loggar\blim\giffiles\00026.gif --> www10.torget.se /anonymous/websidor/swemob/docs/loggar/blim/giffiles 00026.gif
97.08.16 19:47 B I:\qslask\html\loggar\blim\giffiles\00027.gif --> www10.torget.se /anonymous/websidor/swemob/docs/loggar/blim/giffiles 00027.gif
97.08.16 19:47 B I:\qslask\html\loggar\blim\giffiles\00028.gif --> www10.torget.se /anonymous/websidor/swemob/docs/loggar/blim/giffiles 00028.gif
97.08.16 19:47 B I:\qslask\html\loggar\blim\giffiles\00029.gif --> www10.torget.se /anonymous/websidor/swemob/docs/loggar/blim/giffiles 00029.gif
97.08.16 19:47 B I:\qslask\html\loggar\blim\giffiles\00030.gif --> www10.torget.se /anonymous/websidor/swemob/docs/loggar/blim/giffiles 00030.gif
97.08.16 19:47 B I:\qslask\html\loggar\blim\giffiles\00031.gif --> www10.torget.se /anonymous/websidor/swemob/docs/loggar/blim/giffiles 00031.gif
97.08.16 19:47 B I:\qslask\html\loggar\blim\giffiles\00032.gif --> www10.torget.se /anonymous/websidor/swemob/docs/loggar/blim/giffiles 00032.gif
97.08.16 19:47 B I:\qslask\html\loggar\blim\giffiles\00033.gif --> www10.torget.se /anonymous/websidor/swemob/docs/loggar/blim/giffiles 00033.gif
97.08.16 19:47 B I:\qslask\html\loggar\blim\giffiles\00034.gif --> www10.torget.se /anonymous/websidor/swemob/docs/loggar/blim/giffiles 00034.gif
97.08.16 19:47 B I:\qslask\html\loggar\blim\giffiles\00035.gif --> www10.torget.se /anonymous/websidor/swemob/docs/loggar/blim/giffiles 00035.gif
97.08.16 19:47 B I:\qslask\html\loggar\blim\giffiles\00036.gif --> www10.torget.se /anonymous/websidor/swemob/docs/loggar/blim/giffiles 00036.gif
97.08.16 19:47 B I:\qslask\html\loggar\blim\giffiles\00037.gif --> www10.torget.se /anonymous/websidor/swemob/docs/loggar/blim/giffiles 00037.gif
97.08.16 19:47 B I:\qslask\html\loggar\blim\giffiles\00038.gif --> www10.torget.se /anonymous/websidor/swemob/docs/loggar/blim/giffiles 00038.gif
97.08.16 19:47 B I:\qslask\html\loggar\blim\giffiles\00039.gif --> www10.torget.se /anonymous/websidor/swemob/docs/loggar/blim/giffiles 00039.gif
97.08.16 19:47 B I:\qslask\html\loggar\blim\giffiles\00040.gif --> www10.torget.se /anonymous/websidor/swemob/docs/loggar/blim/giffiles 00040.gif
97.08.16 19:47 B I:\qslask\html\loggar\blim\giffiles\00041.gif --> www10.torget.se /anonymous/websidor/swemob/docs/loggar/blim/giffiles 00041.gif
97.08.16 19:47 B I:\qslask\html\loggar\blim\giffiles\00042.gif --> www10.torget.se /anonymous/websidor/swemob/docs/loggar/blim/giffiles 00042.gif
97.08.16 19:47 B I:\qslask\html\loggar\blim\giffiles\00043.gif --> www10.torget.se /anonymous/websidor/swemob/docs/loggar/blim/giffiles 00043.gif
97.08.16 19:47 B I:\qslask\html\loggar\blim\giffiles\00044.gif --> www10.torget.se /anonymous/websidor/swemob/docs/loggar/blim/giffiles 00044.gif
97.08.16 19:48 B I:\qslask\html\loggar\blim\giffiles\00045.gif --> www10.torget.se /anonymous/websidor/swemob/docs/loggar/blim/giffiles 00045.gif
97.08.16 19:48 B I:\qslask\html\loggar\blim\giffiles\00046.gif --> www10.torget.se /anonymous/websidor/swemob/docs/loggar/blim/giffiles 00046.gif
97.08.16 19:48 B I:\qslask\html\loggar\blim\giffiles\00047.gif --> www10.torget.se /anonymous/websidor/swemob/docs/loggar/blim/giffiles 00047.gif
97.08.16 19:48 B I:\qslask\html\loggar\blim\giffiles\00048.gif --> www10.torget.se /anonymous/websidor/swemob/docs/loggar/blim/giffiles 00048.gif
97.08.16 19:48 B I:\qslask\html\loggar\blim\giffiles\00049.gif --> www10.torget.se /anonymous/websidor/swemob/docs/loggar/blim/giffiles 00049.gif
97.08.16 19:48 B I:\qslask\html\loggar\blim\giffiles\00050.gif --> www10.torget.se /anonymous/websidor/swemob/docs/loggar/blim/giffiles 00050.gif
97.08.16 19:48 B I:\qslask\html\loggar\blim\giffiles\00051.gif --> www10.torget.se /anonymous/websidor/swemob/docs/loggar/blim/giffiles 00051.gif
97.08.16 19:48 B I:\qslask\html\loggar\blim\giffiles\00052.gif --> www10.torget.se /anonymous/websidor/swemob/docs/loggar/blim/giffiles 00052.gif
97.08.16 19:48 B I:\qslask\html\loggar\blim\giffiles\00053.gif --> www10.torget.se /anonymous/websidor/swemob/docs/loggar/blim/giffiles 00053.gif
97.08.16 19:48 B I:\qslask\html\loggar\blim\giffiles\00054.gif --> www10.torget.se /anonymous/websidor/swemob/docs/loggar/blim/giffiles 00054.gif
97.08.16 19:48 B I:\qslask\html\loggar\blim\giffiles\00055.gif --> www10.torget.se /anonymous/websidor/swemob/docs/loggar/blim/giffiles 00055.gif
97.08.16 19:48 B I:\qslask\html\loggar\blim\giffiles\00056.gif --> www10.torget.se /anonymous/websidor/swemob/docs/loggar/blim/giffiles 00056.gif
97.08.16 19:48 B I:\qslask\html\loggar\blim\giffiles\00057.gif --> www10.torget.se /anonymous/websidor/swemob/docs/loggar/blim/giffiles 00057.gif
97.08.16 19:48 B I:\qslask\html\loggar\blim\giffiles\00058.gif --> www10.torget.se /anonymous/websidor/swemob/docs/loggar/blim/giffiles 00058.gif
97.08.16 19:48 B I:\qslask\html\loggar\blim\giffiles\00059.gif --> www10.torget.se /anonymous/websidor/swemob/docs/loggar/blim/giffiles 00059.gif
97.08.16 19:48 B I:\qslask\html\loggar\blim\giffiles\00060.gif --> www10.torget.se /anonymous/websidor/swemob/docs/loggar/blim/giffiles 00060.gif
97.08.16 19:48 B I:\qslask\html\loggar\blim\giffiles\00061.gif --> www10.torget.se /anonymous/websidor/swemob/docs/loggar/blim/giffiles 00061.gif
97.08.16 19:48 B I:\qslask\html\loggar\blim\giffiles\00062.gif --> www10.torget.se /anonymous/websidor/swemob/docs/loggar/blim/giffiles 00062.gif
97.08.16 19:48 B I:\qslask\html\loggar\blim\giffiles\00063.gif --> www10.torget.se /anonymous/websidor/swemob/docs/loggar/blim/giffiles 00063.gif
97.08.16 19:48 B I:\qslask\html\loggar\blim\giffiles\00064.gif --> www10.torget.se /anonymous/websidor/swemob/docs/loggar/blim/giffiles 00064.gif
97.08.16 19:48 B I:\qslask\html\loggar\blim\giffiles\00065.gif --> www10.torget.se /anonymous/websidor/swemob/docs/loggar/blim/giffiles 00065.gif
97.08.16 19:48 B I:\qslask\html\loggar\blim\giffiles\00066.gif --> www10.torget.se /anonymous/websidor/swemob/docs/loggar/blim/giffiles 00066.gif
97.08.16 19:48 B I:\qslask\html\loggar\blim\giffiles\00067.gif --> www10.torget.se /anonymous/websidor/swemob/docs/loggar/blim/giffiles 00067.gif
97.08.16 19:48 B I:\qslask\html\loggar\blim\giffiles\00068.gif --> www10.torget.se /anonymous/websidor/swemob/docs/loggar/blim/giffiles 00068.gif
97.08.16 19:48 B I:\qslask\html\loggar\blim\giffiles\00069.gif --> www10.torget.se /anonymous/websidor/swemob/docs/loggar/blim/giffiles 00069.gif
97.08.16 19:48 B I:\qslask\html\loggar\blim\giffiles\00070.gif --> www10.torget.se /anonymous/websidor/swemob/docs/loggar/blim/giffiles 00070.gif
97.08.16 19:48 B I:\qslask\html\loggar\blim\giffiles\00071.gif --> www10.torget.se /anonymous/websidor/swemob/docs/loggar/blim/giffiles 00071.gif
97.08.16 19:48 B I:\qslask\html\loggar\blim\giffiles\00072.gif --> www10.torget.se /anonymous/websidor/swemob/docs/loggar/blim/giffiles 00072.gif
97.08.16 19:48 B I:\qslask\html\loggar\blim\giffiles\00073.gif --> www10.torget.se /anonymous/websidor/swemob/docs/loggar/blim/giffiles 00073.gif
97.08.16 19:48 B I:\qslask\html\loggar\blim\giffiles\00074.gif --> www10.torget.se /anonymous/websidor/swemob/docs/loggar/blim/giffiles 00074.gif
97.08.16 19:48 B I:\qslask\html\loggar\blim\giffiles\00075.gif --> www10.torget.se /anonymous/websidor/swemob/docs/loggar/blim/giffiles 00075.gif
97.08.16 19:48 B I:\qslask\html\loggar\blim\giffiles\00076.gif --> www10.torget.se /anonymous/websidor/swemob/docs/loggar/blim/giffiles 00076.gif
97.08.16 19:48 B I:\qslask\html\loggar\blim\giffiles\00077.gif --> www10.torget.se /anonymous/websidor/swemob/docs/loggar/blim/giffiles 00077.gif
97.08.16 19:48 B I:\qslask\html\loggar\blim\giffiles\00078.gif --> www10.torget.se /anonymous/websidor/swemob/docs/loggar/blim/giffiles 00078.gif
97.08.16 19:48 B I:\qslask\html\loggar\blim\giffiles\00079.gif --> www10.torget.se /anonymous/websidor/swemob/docs/loggar/blim/giffiles 00079.gif
97.08.16 19:48 B I:\qslask\html\loggar\blim\giffiles\00080.gif --> www10.torget.se /anonymous/websidor/swemob/docs/loggar/blim/giffiles 00080.gif
97.08.16 19:48 B I:\qslask\html\loggar\blim\giffiles\00081.gif --> www10.torget.se /anonymous/websidor/swemob/docs/loggar/blim/giffiles 00081.gif
97.08.16 19:48 B I:\qslask\html\loggar\blim\giffiles\00082.gif --> www10.torget.se /anonymous/websidor/swemob/docs/loggar/blim/giffiles 00082.gif
97.08.16 19:48 B I:\qslask\html\loggar\blim\giffiles\00083.gif --> www10.torget.se /anonymous/websidor/swemob/docs/loggar/blim/giffiles 00083.gif
97.08.16 19:48 B I:\qslask\html\loggar\blim\giffiles\00084.gif --> www10.torget.se /anonymous/websidor/swemob/docs/loggar/blim/giffiles 00084.gif
97.08.16 19:48 B I:\qslask\html\loggar\blim\giffiles\00085.gif --> www10.torget.se /anonymous/websidor/swemob/docs/loggar/blim/giffiles 00085.gif
97.08.16 19:48 B I:\qslask\html\loggar\blim\giffiles\00086.gif --> www10.torget.se /anonymous/websidor/swemob/docs/loggar/blim/giffiles 00086.gif
97.08.16 19:48 B I:\qslask\html\loggar\blim\giffiles\00087.gif --> www10.torget.se /anonymous/websidor/swemob/docs/loggar/blim/giffiles 00087.gif
97.08.16 19:48 B I:\qslask\html\loggar\blim\giffiles\00088.gif --> www10.torget.se /anonymous/websidor/swemob/docs/loggar/blim/giffiles 00088.gif
97.08.16 19:48 B I:\qslask\html\loggar\blim\giffiles\00089.gif --> www10.torget.se /anonymous/websidor/swemob/docs/loggar/blim/giffiles 00089.gif
97.08.16 19:48 B I:\qslask\html\loggar\blim\giffiles\00090.gif --> www10.torget.se /anonymous/websidor/swemob/docs/loggar/blim/giffiles 00090.gif
97.08.16 19:48 B I:\qslask\html\loggar\blim\giffiles\00091.gif --> www10.torget.se /anonymous/websidor/swemob/docs/loggar/blim/giffiles 00091.gif
97.08.16 19:48 B I:\qslask\html\loggar\blim\giffiles\00092.gif --> www10.torget.se /anonymous/websidor/swemob/docs/loggar/blim/giffiles 00092.gif
97.08.16 19:48 B I:\qslask\html\loggar\blim\giffiles\00093.gif --> www10.torget.se /anonymous/websidor/swemob/docs/loggar/blim/giffiles 00093.gif
97.08.16 19:48 B I:\qslask\html\loggar\blim\giffiles\00094.gif --> www10.torget.se /anonymous/websidor/swemob/docs/loggar/blim/giffiles 00094.gif
97.08.16 19:48 B I:\qslask\html\loggar\blim\giffiles\00095.gif --> www10.torget.se /anonymous/websidor/swemob/docs/loggar/blim/giffiles 00095.gif
97.08.16 19:48 B I:\qslask\html\loggar\blim\giffiles\00096.gif --> www10.torget.se /anonymous/websidor/swemob/docs/loggar/blim/giffiles 00096.gif
97.08.16 19:48 B I:\qslask\html\loggar\blim\giffiles\00097.gif --> www10.torget.se /anonymous/websidor/swemob/docs/loggar/blim/giffiles 00097.gif
97.08.16 19:49 B I:\qslask\html\loggar\blim\giffiles\00098.gif --> www10.torget.se /anonymous/websidor/swemob/docs/loggar/blim/giffiles 00098.gif
97.08.16 19:49 B I:\qslask\html\loggar\blim\giffiles\00099.gif --> www10.torget.se /anonymous/websidor/swemob/docs/loggar/blim/giffiles 00099.gif
97.08.16 19:49 B I:\qslask\html\loggar\blim\giffiles\00100.gif --> www10.torget.se /anonymous/websidor/swemob/docs/loggar/blim/giffiles 00100.gif
97.08.16 19:49 B I:\qslask\html\loggar\blim\giffiles\00101.gif --> www10.torget.se /anonymous/websidor/swemob/docs/loggar/blim/giffiles 00101.gif
97.08.16 19:49 B I:\qslask\html\loggar\blim\giffiles\00102.gif --> www10.torget.se /anonymous/websidor/swemob/docs/loggar/blim/giffiles 00102.gif
97.08.16 19:49 B I:\qslask\html\loggar\blim\giffiles\00103.gif --> www10.torget.se /anonymous/websidor/swemob/docs/loggar/blim/giffiles 00103.gif
97.08.16 19:49 B I:\qslask\html\loggar\blim\giffiles\00104.gif --> www10.torget.se /anonymous/websidor/swemob/docs/loggar/blim/giffiles 00104.gif
97.08.16 19:49 B I:\qslask\html\loggar\blim\giffiles\00105.gif --> www10.torget.se /anonymous/websidor/swemob/docs/loggar/blim/giffiles 00105.gif
97.08.16 19:49 B I:\qslask\html\loggar\blim\giffiles\00106.gif --> www10.torget.se /anonymous/websidor/swemob/docs/loggar/blim/giffiles 00106.gif
97.08.16 19:49 B I:\qslask\html\loggar\blim\giffiles\00107.gif --> www10.torget.se /anonymous/websidor/swemob/docs/loggar/blim/giffiles 00107.gif
97.08.16 19:49 B I:\qslask\html\loggar\blim\giffiles\00108.gif --> www10.torget.se /anonymous/websidor/swemob/docs/loggar/blim/giffiles 00108.gif
97.08.16 19:49 B I:\qslask\html\loggar\blim\giffiles\00109.gif --> www10.torget.se /anonymous/websidor/swemob/docs/loggar/blim/giffiles 00109.gif
97.08.16 19:49 B I:\qslask\html\loggar\blim\giffiles\00110.gif --> www10.torget.se /anonymous/websidor/swemob/docs/loggar/blim/giffiles 00110.gif
97.08.16 19:49 B I:\qslask\html\loggar\blim\giffiles\00111.gif --> www10.torget.se /anonymous/websidor/swemob/docs/loggar/blim/giffiles 00111.gif
97.08.16 19:49 B I:\qslask\html\loggar\blim\giffiles\00112.gif --> www10.torget.se /anonymous/websidor/swemob/docs/loggar/blim/giffiles 00112.gif
97.08.16 19:49 B I:\qslask\html\loggar\blim\giffiles\00113.gif --> www10.torget.se /anonymous/websidor/swemob/docs/loggar/blim/giffiles 00113.gif
97.08.16 19:49 B I:\qslask\html\loggar\blim\giffiles\00114.gif --> www10.torget.se /anonymous/websidor/swemob/docs/loggar/blim/giffiles 00114.gif
97.08.16 19:49 B I:\qslask\html\loggar\blim\giffiles\00115.gif --> www10.torget.se /anonymous/websidor/swemob/docs/loggar/blim/giffiles 00115.gif
97.08.16 19:49 B I:\qslask\html\loggar\blim\giffiles\00116.gif --> www10.torget.se /anonymous/websidor/swemob/docs/loggar/blim/giffiles 00116.gif
97.08.16 19:49 B I:\qslask\html\loggar\blim\giffiles\00117.gif --> www10.torget.se /anonymous/websidor/swemob/docs/loggar/blim/giffiles 00117.gif
97.08.16 19:49 B I:\qslask\html\loggar\blim\giffiles\00118.gif --> www10.torget.se /anonymous/websidor/swemob/docs/loggar/blim/giffiles 00118.gif
97.08.16 19:49 B I:\qslask\html\loggar\blim\giffiles\00119.gif --> www10.torget.se /anonymous/websidor/swemob/docs/loggar/blim/giffiles 00119.gif
97.08.16 19:49 B I:\qslask\html\loggar\blim\giffiles\00120.gif --> www10.torget.se /anonymous/websidor/swemob/docs/loggar/blim/giffiles 00120.gif
97.08.16 19:49 B I:\qslask\html\loggar\blim\giffiles\00121.gif --> www10.torget.se /anonymous/websidor/swemob/docs/loggar/blim/giffiles 00121.gif
97.08.16 19:49 B I:\qslask\html\loggar\blim\giffiles\00122.gif --> www10.torget.se /anonymous/websidor/swemob/docs/loggar/blim/giffiles 00122.gif
97.08.16 19:49 B I:\qslask\html\loggar\blim\giffiles\00123.gif --> www10.torget.se /anonymous/websidor/swemob/docs/loggar/blim/giffiles 00123.gif
97.08.16 19:49 B I:\qslask\html\loggar\blim\giffiles\00124.gif --> www10.torget.se /anonymous/websidor/swemob/docs/loggar/blim/giffiles 00124.gif
97.08.16 19:49 B I:\qslask\html\loggar\blim\giffiles\00125.gif --> www10.torget.se /anonymous/websidor/swemob/docs/loggar/blim/giffiles 00125.gif
97.08.16 19:49 B I:\qslask\html\loggar\blim\giffiles\00126.gif --> www10.torget.se /anonymous/websidor/swemob/docs/loggar/blim/giffiles 00126.gif
97.08.16 19:49 B I:\qslask\html\loggar\blim\giffiles\00127.gif --> www10.torget.se /anonymous/websidor/swemob/docs/loggar/blim/giffiles 00127.gif
97.08.16 19:49 B I:\qslask\html\loggar\blim\giffiles\00128.gif --> www10.torget.se /anonymous/websidor/swemob/docs/loggar/blim/giffiles 00128.gif
97.08.16 19:49 B I:\qslask\html\loggar\blim\giffiles\00129.gif --> www10.torget.se /anonymous/websidor/swemob/docs/loggar/blim/giffiles 00129.gif
97.08.16 19:49 B I:\qslask\html\loggar\blim\giffiles\00130.gif --> www10.torget.se /anonymous/websidor/swemob/docs/loggar/blim/giffiles 00130.gif
97.08.16 19:49 B I:\qslask\html\loggar\blim\giffiles\00131.gif --> www10.torget.se /anonymous/websidor/swemob/docs/loggar/blim/giffiles 00131.gif
97.08.16 19:49 B I:\qslask\html\loggar\blim\giffiles\00132.gif --> www10.torget.se /anonymous/websidor/swemob/docs/loggar/blim/giffiles 00132.gif
97.08.16 19:49 B I:\qslask\html\loggar\blim\giffiles\00133.gif --> www10.torget.se /anonymous/websidor/swemob/docs/loggar/blim/giffiles 00133.gif
97.08.16 19:49 B I:\qslask\html\loggar\blim\giffiles\00134.gif --> www10.torget.se /anonymous/websidor/swemob/docs/loggar/blim/giffiles 00134.gif
97.08.16 19:49 B I:\qslask\html\loggar\blim\giffiles\00135.gif --> www10.torget.se /anonymous/websidor/swemob/docs/loggar/blim/giffiles 00135.gif
97.08.16 19:49 B I:\qslask\html\loggar\blim\giffiles\00136.gif --> www10.torget.se /anonymous/websidor/swemob/docs/loggar/blim/giffiles 00136.gif
97.08.16 19:49 B I:\qslask\html\loggar\blim\giffiles\00137.gif --> www10.torget.se /anonymous/websidor/swemob/docs/loggar/blim/giffiles 00137.gif
97.08.16 19:49 B I:\qslask\html\loggar\blim\giffiles\00138.gif --> www10.torget.se /anonymous/websidor/swemob/docs/loggar/blim/giffiles 00138.gif
97.08.16 19:49 B I:\qslask\html\loggar\blim\giffiles\00139.gif --> www10.torget.se /anonymous/websidor/swemob/docs/loggar/blim/giffiles 00139.gif
97.08.16 19:49 B I:\qslask\html\loggar\blim\giffiles\00140.gif --> www10.torget.se /anonymous/websidor/swemob/docs/loggar/blim/giffiles 00140.gif
97.08.16 19:49 B I:\qslask\html\loggar\blim\giffiles\00141.gif --> www10.torget.se /anonymous/websidor/swemob/docs/loggar/blim/giffiles 00141.gif
97.08.16 19:49 B I:\qslask\html\loggar\blim\giffiles\00142.gif --> www10.torget.se /anonymous/websidor/swemob/docs/loggar/blim/giffiles 00142.gif
97.08.16 19:49 B I:\qslask\html\loggar\blim\giffiles\00143.gif --> www10.torget.se /anonymous/websidor/swemob/docs/loggar/blim/giffiles 00143.gif
97.08.16 19:49 B I:\qslask\html\loggar\blim\giffiles\00144.gif --> www10.torget.se /anonymous/websidor/swemob/docs/loggar/blim/giffiles 00144.gif
97.08.16 19:49 B I:\qslask\html\loggar\blim\giffiles\00145.gif --> www10.torget.se /anonymous/websidor/swemob/docs/loggar/blim/giffiles 00145.gif
97.08.16 19:49 B I:\qslask\html\loggar\blim\giffiles\00146.gif --> www10.torget.se /anonymous/websidor/swemob/docs/loggar/blim/giffiles 00146.gif
97.08.16 19:49 B I:\qslask\html\loggar\blim\giffiles\00147.gif --> www10.torget.se /anonymous/websidor/swemob/docs/loggar/blim/giffiles 00147.gif
97.08.16 19:49 B I:\qslask\html\loggar\blim\giffiles\00148.gif --> www10.torget.se /anonymous/websidor/swemob/docs/loggar/blim/giffiles 00148.gif
97.08.16 19:49 B I:\qslask\html\loggar\blim\giffiles\00149.gif --> www10.torget.se /anonymous/websidor/swemob/docs/loggar/blim/giffiles 00149.gif
97.08.16 19:49 B I:\qslask\html\loggar\blim\giffiles\00150.GIF --> www10.torget.se /anonymous/websidor/swemob/docs/loggar/blim/giffiles 00150.GIF
97.08.16 19:49 B I:\qslask\html\loggar\blim\giffiles\00151.GIF --> www10.torget.se /anonymous/websidor/swemob/docs/loggar/blim/giffiles 00151.GIF
97.08.16 19:49 B I:\qslask\html\loggar\blim\giffiles\00152.GIF --> www10.torget.se /anonymous/websidor/swemob/docs/loggar/blim/giffiles 00152.GIF
97.08.16 19:49 B I:\qslask\html\loggar\blim\giffiles\00153.GIF --> www10.torget.se /anonymous/websidor/swemob/docs/loggar/blim/giffiles 00153.GIF
97.08.16 19:49 B I:\qslask\html\loggar\blim\giffiles\00154.GIF --> www10.torget.se /anonymous/websidor/swemob/docs/loggar/blim/giffiles 00154.GIF
97.08.16 19:49 B I:\qslask\html\loggar\blim\giffiles\00155.GIF --> www10.torget.se /anonymous/websidor/swemob/docs/loggar/blim/giffiles 00155.GIF
97.08.16 19:49 B I:\qslask\html\loggar\blim\giffiles\00156.GIF --> www10.torget.se /anonymous/websidor/swemob/docs/loggar/blim/giffiles 00156.GIF
97.08.16 19:49 B I:\qslask\html\loggar\blim\giffiles\00157.GIF --> www10.torget.se /anonymous/websidor/swemob/docs/loggar/blim/giffiles 00157.GIF
97.08.16 19:50 B I:\qslask\html\loggar\blim\giffiles\00158.GIF --> www10.torget.se /anonymous/websidor/swemob/docs/loggar/blim/giffiles 00158.GIF
97.08.16 19:50 B I:\qslask\html\loggar\blim\giffiles\00159.GIF --> www10.torget.se /anonymous/websidor/swemob/docs/loggar/blim/giffiles 00159.GIF
97.08.16 19:50 B I:\qslask\html\loggar\blim\giffiles\00160.GIF --> www10.torget.se /anonymous/websidor/swemob/docs/loggar/blim/giffiles 00160.GIF
97.08.16 19:50 B I:\qslask\html\loggar\blim\giffiles\00161.GIF --> www10.torget.se /anonymous/websidor/swemob/docs/loggar/blim/giffiles 00161.GIF
97.08.16 19:50 B I:\qslask\html\loggar\blim\giffiles\00162.GIF --> www10.torget.se /anonymous/websidor/swemob/docs/loggar/blim/giffiles 00162.GIF
97.08.16 19:50 B I:\qslask\html\loggar\blim\giffiles\Back.gif --> www10.torget.se /anonymous/websidor/swemob/docs/loggar/blim/giffiles Back.gif
