97.06.29 14:43 B I:\qslask\html\loggar\cvh\html\00010000.htm --> home2.swipnet.se /html/loggar/cvh/html 00010000.htm
97.06.29 14:43 B I:\qslask\html\loggar\cvh\html\00010001.htm --> home2.swipnet.se /html/loggar/cvh/html 00010001.htm
97.06.29 14:43 B I:\qslask\html\loggar\cvh\html\00010002.htm --> home2.swipnet.se /html/loggar/cvh/html 00010002.htm
97.06.29 14:43 B I:\qslask\html\loggar\cvh\html\00010003.htm --> home2.swipnet.se /html/loggar/cvh/html 00010003.htm
97.06.29 14:43 B I:\qslask\html\loggar\cvh\html\00010004.htm --> home2.swipnet.se /html/loggar/cvh/html 00010004.htm
97.06.29 14:43 B I:\qslask\html\loggar\cvh\html\00010005.htm --> home2.swipnet.se /html/loggar/cvh/html 00010005.htm
97.06.29 14:43 B I:\qslask\html\loggar\cvh\html\00010006.htm --> home2.swipnet.se /html/loggar/cvh/html 00010006.htm
97.06.29 14:43 B I:\qslask\html\loggar\cvh\html\com_0001.htm --> home2.swipnet.se /html/loggar/cvh/html com_0001.htm
97.06.29 14:43 B I:\qslask\html\loggar\cvh\html\index.htm --> home2.swipnet.se /html/loggar/cvh/html index.htm
97.06.29 14:43 B I:\qslask\html\loggar\cvh\html\map_0001.htm --> home2.swipnet.se /html/loggar/cvh/html map_0001.htm
97.08.16 19:54 B I:\qslask\html\loggar\cvh\html\00010000.htm --> www10.torget.se /anonymous/websidor/swemob/docs/loggar/cvh/html 00010000.htm
97.08.16 19:54 B I:\qslask\html\loggar\cvh\html\00010001.htm --> www10.torget.se /anonymous/websidor/swemob/docs/loggar/cvh/html 00010001.htm
97.08.16 19:54 B I:\qslask\html\loggar\cvh\html\00010002.htm --> www10.torget.se /anonymous/websidor/swemob/docs/loggar/cvh/html 00010002.htm
97.08.16 19:54 B I:\qslask\html\loggar\cvh\html\00010003.htm --> www10.torget.se /anonymous/websidor/swemob/docs/loggar/cvh/html 00010003.htm
97.08.16 19:54 B I:\qslask\html\loggar\cvh\html\00010004.htm --> www10.torget.se /anonymous/websidor/swemob/docs/loggar/cvh/html 00010004.htm
97.08.16 19:54 B I:\qslask\html\loggar\cvh\html\00010005.htm --> www10.torget.se /anonymous/websidor/swemob/docs/loggar/cvh/html 00010005.htm
97.08.16 19:54 B I:\qslask\html\loggar\cvh\html\00010006.htm --> www10.torget.se /anonymous/websidor/swemob/docs/loggar/cvh/html 00010006.htm
97.08.16 19:54 B I:\qslask\html\loggar\cvh\html\com_0001.htm --> www10.torget.se /anonymous/websidor/swemob/docs/loggar/cvh/html com_0001.htm
97.08.16 19:54 B I:\qslask\html\loggar\cvh\html\index.htm --> www10.torget.se /anonymous/websidor/swemob/docs/loggar/cvh/html index.htm
97.08.16 19:54 B I:\qslask\html\loggar\cvh\html\map_0001.htm --> www10.torget.se /anonymous/websidor/swemob/docs/loggar/cvh/html map_0001.htm
